rake aborted!
PG::ConnectionBad: FATAL:  password authentication failed for user "postgres"
/home/pgollapa/.rvm/gems/ruby-2.2.4/gems/activerecord-4.2.7/lib/active_record/connection_adapters/postgresql_adapter.rb:651:in `initialize'
/home/pgollapa/.rvm/gems/ruby-2.2.4/gems/activerecord-4.2.7/lib/active_record/connection_adapters/postgresql_adapter.rb:651:in `new'
/home/pgollapa/.rvm/gems/ruby-2.2.4/gems/activerecord-4.2.7/lib/active_record/connection_adapters/postgresql_adapter.rb:651:in `connect'
/home/pgollapa/.rvm/gems/ruby-2.2.4/gems/activerecord-4.2.7/lib/active_record/connection_adapters/postgresql_adapter.rb:242:in `initialize'
/home/pgollapa/.rvm/gems/ruby-2.2.4/gems/activerecord-4.2.7/lib/active_record/connection_adapters/postgresql_adapter.rb:44:in `new'
/home/pgollapa/.rvm/gems/ruby-2.2.4/gems/activerecord-4.2.7/lib/active_record/connection_adapters/postgresql_adapter.rb:44:in `postgresql_connection'
/home/pgollapa/.rvm/gems/ruby-2.2.4/gems/activerecord-4.2.7/lib/active_record/connection_adapters/abstract/connection_pool.rb:438:in `new_connection'
/home/pgollapa/.rvm/gems/ruby-2.2.4/gems/activerecord-4.2.7/lib/active_record/connection_adapters/abstract/connection_pool.rb:448:in `checkout_new_connection'
/home/pgollapa/.rvm/gems/ruby-2.2.4/gems/activerecord-4.2.7/lib/active_record/connection_adapters/abstract/connection_pool.rb:422:in `acquire_connection'
/home/pgollapa/.rvm/gems/ruby-2.2.4/gems/activerecord-4.2.7/lib/active_record/connection_adapters/abstract/connection_pool.rb:349:in `block in checkout'
/home/pgollapa/.rvm/gems/ruby-2.2.4/gems/activerecord-4.2.7/lib/active_record/connection_adapters/abstract/connection_pool.rb:348:in `checkout'
/home/pgollapa/.rvm/gems/ruby-2.2.4/gems/activerecord-4.2.7/lib/active_record/connection_adapters/abstract/connection_pool.rb:263:in `block in connection'
/home/pgollapa/.rvm/gems/ruby-2.2.4/gems/activerecord-4.2.7/lib/active_record/connection_adapters/abstract/connection_pool.rb:262:in `connection'
/home/pgollapa/.rvm/gems/ruby-2.2.4/gems/activerecord-4.2.7/lib/active_record/connection_adapters/abstract/connection_pool.rb:571:in `retrieve_connection'
/home/pgollapa/.rvm/gems/ruby-2.2.4/gems/activerecord-4.2.7/lib/active_record/connection_handling.rb:113:in `retrieve_connection'
/home/pgollapa/.rvm/gems/ruby-2.2.4/gems/activerecord-4.2.7/lib/active_record/connection_handling.rb:87:in `connection'
/home/pgollapa/.rvm/gems/ruby-2.2.4/gems/activerecord-4.2.7/lib/active_record/migration.rb:916:in `initialize'
/home/pgollapa/.rvm/gems/ruby-2.2.4/gems/activerecord-4.2.7/lib/active_record/migration.rb:823:in `new'
/home/pgollapa/.rvm/gems/ruby-2.2.4/gems/activerecord-4.2.7/lib/active_record/migration.rb:823:in `up'
/home/pgollapa/.rvm/gems/ruby-2.2.4/gems/activerecord-4.2.7/lib/active_record/migration.rb:801:in `migrate'
/home/pgollapa/.rvm/gems/ruby-2.2.4/gems/activerecord-4.2.7/lib/active_record/tasks/database_tasks.rb:137:in `migrate'
/home/pgollapa/.rvm/gems/ruby-2.2.4/gems/activerecord-4.2.7/lib/active_record/railties/databases.rake:44:in `block (2 levels) in <top (required)>'
/home/pgollapa/.rvm/gems/ruby-2.2.4/gems/rake-12.3.0/exe/rake:27:in `<top (required)>'
/home/pgollapa/.rvm/gems/ruby-2.2.4/bin/ruby_executable_hooks:15:in `eval'
/home/pgollapa/.rvm/gems/ruby-2.2.4/bin/ruby_executable_hooks:15:in `<main>'
Tasks: TOP => db:migrate
(See full trace by running task with --trace)
