

Started GET "/films" for ::1 at 2018-04-26 03:22:01 -0400
  [1m[36mActiveRecord::SchemaMigration Load (0.4ms)[0m  [1mSELECT "schema_migrations".* FROM "schema_migrations"[0m
Processing by FilmsController#index as HTML
  Rendered partials/_nav.html.erb (1.0ms)
  [1m[35mFilm Load (0.4ms)[0m  SELECT "films".* FROM "films" WHERE "films"."film_type" = $1  [["film_type", 1]]
  Rendered partials/_describe.html.erb (4.7ms)
  Rendered films/index.html.erb within layouts/application (65.1ms)
Completed 200 OK in 511ms (Views: 481.0ms | ActiveRecord: 3.0ms)


Started GET "/assets/film.css?body=1" for ::1 at 2018-04-26 03:22:02 -0400


Started GET "/assets/jquery.ui.core.js?body=1" for ::1 at 2018-04-26 03:22:02 -0400


Started GET "/assets/jquery.js?body=1" for ::1 at 2018-04-26 03:22:02 -0400


Started GET "/assets/jquery_ujs.js?body=1" for ::1 at 2018-04-26 03:22:02 -0400


Started GET "/assets/jquery.ui.widget.js?body=1" for ::1 at 2018-04-26 03:22:02 -0400


Started GET "/assets/jquery.ui.position.js?body=1" for ::1 at 2018-04-26 03:22:02 -0400


Started GET "/assets/application.css?body=1" for ::1 at 2018-04-26 03:22:02 -0400


Started GET "/assets/jquery.ui.menu.js?body=1" for ::1 at 2018-04-26 03:22:02 -0400


Started GET "/assets/jquery.ui.accordion.js?body=1" for ::1 at 2018-04-26 03:22:02 -0400


Started GET "/assets/jquery.ui.autocomplete.js?body=1" for ::1 at 2018-04-26 03:22:02 -0400


Started GET "/assets/jquery.ui.button.js?body=1" for ::1 at 2018-04-26 03:22:02 -0400


Started GET "/assets/jquery.ui.datepicker.js?body=1" for ::1 at 2018-04-26 03:22:02 -0400


Started GET "/assets/jquery.ui.mouse.js?body=1" for ::1 at 2018-04-26 03:22:02 -0400


Started GET "/assets/jquery.ui.draggable.js?body=1" for ::1 at 2018-04-26 03:22:02 -0400


Started GET "/assets/jquery.ui.resizable.js?body=1" for ::1 at 2018-04-26 03:22:02 -0400


Started GET "/assets/jquery.ui.dialog.js?body=1" for ::1 at 2018-04-26 03:22:02 -0400


Started GET "/assets/jquery.ui.droppable.js?body=1" for ::1 at 2018-04-26 03:22:02 -0400


Started GET "/assets/jquery.ui.effect.js?body=1" for ::1 at 2018-04-26 03:22:02 -0400


Started GET "/assets/jquery.ui.effect-blind.js?body=1" for ::1 at 2018-04-26 03:22:02 -0400


Started GET "/assets/jquery.ui.effect-bounce.js?body=1" for ::1 at 2018-04-26 03:22:02 -0400


Started GET "/assets/jquery.ui.effect-clip.js?body=1" for ::1 at 2018-04-26 03:22:02 -0400


Started GET "/assets/jquery.ui.effect-drop.js?body=1" for ::1 at 2018-04-26 03:22:02 -0400


Started GET "/assets/jquery.ui.effect-explode.js?body=1" for ::1 at 2018-04-26 03:22:02 -0400


Started GET "/assets/jquery.ui.effect-fade.js?body=1" for ::1 at 2018-04-26 03:22:02 -0400


Started GET "/assets/jquery.ui.effect-fold.js?body=1" for ::1 at 2018-04-26 03:22:02 -0400


Started GET "/assets/jquery.ui.effect-highlight.js?body=1" for ::1 at 2018-04-26 03:22:02 -0400


Started GET "/assets/jquery.ui.effect-pulsate.js?body=1" for ::1 at 2018-04-26 03:22:02 -0400


Started GET "/assets/jquery.ui.effect-scale.js?body=1" for ::1 at 2018-04-26 03:22:02 -0400


Started GET "/assets/jquery.ui.effect-shake.js?body=1" for ::1 at 2018-04-26 03:22:02 -0400


Started GET "/assets/jquery.ui.effect-slide.js?body=1" for ::1 at 2018-04-26 03:22:02 -0400


Started GET "/assets/jquery.ui.effect-transfer.js?body=1" for ::1 at 2018-04-26 03:22:02 -0400


Started GET "/assets/jquery.ui.progressbar.js?body=1" for ::1 at 2018-04-26 03:22:02 -0400


Started GET "/assets/jquery.ui.selectable.js?body=1" for ::1 at 2018-04-26 03:22:02 -0400


Started GET "/assets/jquery.ui.slider.js?body=1" for ::1 at 2018-04-26 03:22:02 -0400


Started GET "/assets/jquery.ui.sortable.js?body=1" for ::1 at 2018-04-26 03:22:02 -0400


Started GET "/assets/jquery.ui.spinner.js?body=1" for ::1 at 2018-04-26 03:22:02 -0400


Started GET "/assets/jquery.ui.tabs.js?body=1" for ::1 at 2018-04-26 03:22:02 -0400


Started GET "/assets/jquery.ui.tooltip.js?body=1" for ::1 at 2018-04-26 03:22:02 -0400


Started GET "/assets/jquery.ui.all.js?body=1" for ::1 at 2018-04-26 03:22:02 -0400


Started GET "/assets/turbolinks.js?body=1" for ::1 at 2018-04-26 03:22:02 -0400


Started GET "/assets/taggle-ie8.js?body=1" for ::1 at 2018-04-26 03:22:02 -0400


Started GET "/assets/taggle-ie9.js?body=1" for ::1 at 2018-04-26 03:22:02 -0400


Started GET "/assets/taggle.js?body=1" for ::1 at 2018-04-26 03:22:02 -0400


Started GET "/assets/taggle-full.js?body=1" for ::1 at 2018-04-26 03:22:02 -0400


Started GET "/assets/film.js?body=1" for ::1 at 2018-04-26 03:22:02 -0400


Started GET "/assets/styling.js?body=1" for ::1 at 2018-04-26 03:22:02 -0400


Started GET "/assets/application.js?body=1" for ::1 at 2018-04-26 03:22:02 -0400


Started GET "/assets/ten-minutes.jpg" for ::1 at 2018-04-26 03:22:02 -0400


Started GET "/assets/swing.jpg" for ::1 at 2018-04-26 03:22:02 -0400


Started GET "/assets/notorious.jpg" for ::1 at 2018-04-26 03:22:02 -0400


Started GET "/assets/youtube.png" for ::1 at 2018-04-26 03:22:02 -0400


Started GET "/assets/exile.jpg" for ::1 at 2018-04-26 03:22:02 -0400


Started GET "/assets/download.png" for ::1 at 2018-04-26 03:22:02 -0400


Started GET "/assets/underworld.jpg" for ::1 at 2018-04-26 03:22:02 -0400


Started GET "/films" for ::1 at 2018-04-26 03:22:09 -0400
Processing by FilmsController#index as HTML
  Rendered partials/_nav.html.erb (0.4ms)
  [1m[36mFilm Load (1.6ms)[0m  [1mSELECT "films".* FROM "films" WHERE "films"."film_type" = $1[0m  [["film_type", 1]]
  Rendered partials/_describe.html.erb (0.6ms)
  Rendered films/index.html.erb within layouts/application (36.3ms)
Completed 200 OK in 64ms (Views: 61.3ms | ActiveRecord: 1.6ms)


Started GET "/films" for ::1 at 2018-04-26 03:22:11 -0400
Processing by FilmsController#index as HTML
  Rendered partials/_nav.html.erb (0.2ms)
  [1m[35mFilm Load (0.2ms)[0m  SELECT "films".* FROM "films" WHERE "films"."film_type" = $1  [["film_type", 1]]
  Rendered partials/_describe.html.erb (0.6ms)
  Rendered films/index.html.erb within layouts/application (11.5ms)
Completed 200 OK in 29ms (Views: 28.1ms | ActiveRecord: 0.2ms)


Started GET "/assets/film.css?body=1" for ::1 at 2018-04-26 03:22:11 -0400


Started GET "/assets/jquery.ui.widget.js?body=1" for ::1 at 2018-04-26 03:22:11 -0400


Started GET "/assets/jquery.ui.core.js?body=1" for ::1 at 2018-04-26 03:22:11 -0400


Started GET "/assets/jquery.ui.accordion.js?body=1" for ::1 at 2018-04-26 03:22:11 -0400


Started GET "/assets/jquery.ui.position.js?body=1" for ::1 at 2018-04-26 03:22:11 -0400


Started GET "/assets/jquery.ui.menu.js?body=1" for ::1 at 2018-04-26 03:22:11 -0400


Started GET "/assets/jquery.ui.autocomplete.js?body=1" for ::1 at 2018-04-26 03:22:11 -0400


Started GET "/assets/jquery.ui.button.js?body=1" for ::1 at 2018-04-26 03:22:11 -0400


Started GET "/assets/jquery.ui.datepicker.js?body=1" for ::1 at 2018-04-26 03:22:11 -0400


Started GET "/assets/jquery.ui.mouse.js?body=1" for ::1 at 2018-04-26 03:22:11 -0400


Started GET "/assets/jquery.ui.droppable.js?body=1" for ::1 at 2018-04-26 03:22:11 -0400


Started GET "/assets/jquery.ui.draggable.js?body=1" for ::1 at 2018-04-26 03:22:11 -0400


Started GET "/assets/jquery.ui.resizable.js?body=1" for ::1 at 2018-04-26 03:22:11 -0400


Started GET "/assets/jquery.ui.effect.js?body=1" for ::1 at 2018-04-26 03:22:11 -0400


Started GET "/assets/jquery.ui.dialog.js?body=1" for ::1 at 2018-04-26 03:22:11 -0400


Started GET "/assets/jquery.ui.effect-blind.js?body=1" for ::1 at 2018-04-26 03:22:11 -0400


Started GET "/assets/jquery.ui.effect-bounce.js?body=1" for ::1 at 2018-04-26 03:22:11 -0400


Started GET "/assets/jquery.ui.effect-clip.js?body=1" for ::1 at 2018-04-26 03:22:11 -0400


Started GET "/assets/jquery.ui.effect-drop.js?body=1" for ::1 at 2018-04-26 03:22:11 -0400


Started GET "/assets/jquery.ui.effect-explode.js?body=1" for ::1 at 2018-04-26 03:22:11 -0400


Started GET "/assets/jquery.ui.effect-fade.js?body=1" for ::1 at 2018-04-26 03:22:11 -0400


Started GET "/assets/jquery.ui.effect-fold.js?body=1" for ::1 at 2018-04-26 03:22:11 -0400


Started GET "/assets/jquery.ui.effect-pulsate.js?body=1" for ::1 at 2018-04-26 03:22:11 -0400


Started GET "/assets/jquery.ui.effect-highlight.js?body=1" for ::1 at 2018-04-26 03:22:11 -0400


Started GET "/assets/jquery.ui.effect-scale.js?body=1" for ::1 at 2018-04-26 03:22:11 -0400


Started GET "/assets/jquery.ui.effect-shake.js?body=1" for ::1 at 2018-04-26 03:22:11 -0400


Started GET "/assets/jquery.ui.effect-slide.js?body=1" for ::1 at 2018-04-26 03:22:11 -0400


Started GET "/assets/jquery.ui.effect-transfer.js?body=1" for ::1 at 2018-04-26 03:22:11 -0400


Started GET "/assets/jquery.ui.progressbar.js?body=1" for ::1 at 2018-04-26 03:22:11 -0400


Started GET "/assets/jquery.ui.selectable.js?body=1" for ::1 at 2018-04-26 03:22:11 -0400


Started GET "/assets/jquery.ui.slider.js?body=1" for ::1 at 2018-04-26 03:22:11 -0400


Started GET "/assets/jquery.ui.sortable.js?body=1" for ::1 at 2018-04-26 03:22:11 -0400


Started GET "/assets/jquery.ui.spinner.js?body=1" for ::1 at 2018-04-26 03:22:11 -0400


Started GET "/assets/jquery.ui.tabs.js?body=1" for ::1 at 2018-04-26 03:22:11 -0400


Started GET "/assets/jquery.ui.tooltip.js?body=1" for ::1 at 2018-04-26 03:22:11 -0400


Started GET "/assets/jquery.ui.all.js?body=1" for ::1 at 2018-04-26 03:22:11 -0400


Started GET "/assets/turbolinks.js?body=1" for ::1 at 2018-04-26 03:22:11 -0400


Started GET "/assets/taggle-ie8.js?body=1" for ::1 at 2018-04-26 03:22:11 -0400


Started GET "/assets/taggle-ie9.js?body=1" for ::1 at 2018-04-26 03:22:11 -0400


Started GET "/assets/taggle.js?body=1" for ::1 at 2018-04-26 03:22:11 -0400


Started GET "/assets/taggle-full.js?body=1" for ::1 at 2018-04-26 03:22:11 -0400


Started GET "/assets/film.js?body=1" for ::1 at 2018-04-26 03:22:11 -0400


Started GET "/assets/styling.js?body=1" for ::1 at 2018-04-26 03:22:11 -0400


Started GET "/assets/ten-minutes.jpg" for ::1 at 2018-04-26 03:22:11 -0400


Started GET "/assets/swing.jpg" for ::1 at 2018-04-26 03:22:11 -0400


Started GET "/assets/notorious.jpg" for ::1 at 2018-04-26 03:22:11 -0400


Started GET "/assets/underworld.jpg" for ::1 at 2018-04-26 03:22:11 -0400


Started GET "/assets/download.png" for ::1 at 2018-04-26 03:22:11 -0400


Started GET "/assets/exile.jpg" for ::1 at 2018-04-26 03:22:11 -0400


Started GET "/assets/youtube.png" for ::1 at 2018-04-26 03:22:12 -0400


Started GET "/films/new" for ::1 at 2018-04-26 03:22:23 -0400
Processing by FilmsController#new as HTML
  Rendered partials/_nav.html.erb (0.4ms)
  Rendered films/_admin_form.html.erb (138.8ms)
  Rendered films/new.html.erb within layouts/application (144.7ms)
Completed 200 OK in 162ms (Views: 161.3ms | ActiveRecord: 0.0ms)


Started GET "/assets/back.png" for ::1 at 2018-04-26 03:22:23 -0400


Started GET "/films/new" for ::1 at 2018-04-26 03:23:20 -0400
Processing by FilmsController#new as HTML
  Rendered partials/_nav.html.erb (0.2ms)
  Rendered films/_admin_form.html.erb (7.6ms)
  Rendered films/new.html.erb within layouts/application (11.3ms)
Completed 200 OK in 25ms (Views: 25.0ms | ActiveRecord: 0.0ms)


Started GET "/assets/film.css?body=1" for ::1 at 2018-04-26 03:23:21 -0400


Started GET "/assets/jquery.ui.core.js?body=1" for ::1 at 2018-04-26 03:23:21 -0400


Started GET "/assets/jquery.ui.position.js?body=1" for ::1 at 2018-04-26 03:23:21 -0400


Started GET "/assets/jquery.ui.widget.js?body=1" for ::1 at 2018-04-26 03:23:21 -0400


Started GET "/assets/jquery.ui.accordion.js?body=1" for ::1 at 2018-04-26 03:23:21 -0400


Started GET "/assets/jquery.ui.menu.js?body=1" for ::1 at 2018-04-26 03:23:21 -0400


Started GET "/assets/jquery.ui.autocomplete.js?body=1" for ::1 at 2018-04-26 03:23:21 -0400


Started GET "/assets/jquery.ui.button.js?body=1" for ::1 at 2018-04-26 03:23:21 -0400


Started GET "/assets/jquery.ui.datepicker.js?body=1" for ::1 at 2018-04-26 03:23:21 -0400


Started GET "/assets/jquery.ui.mouse.js?body=1" for ::1 at 2018-04-26 03:23:21 -0400


Started GET "/assets/jquery.ui.draggable.js?body=1" for ::1 at 2018-04-26 03:23:21 -0400


Started GET "/assets/jquery.ui.resizable.js?body=1" for ::1 at 2018-04-26 03:23:21 -0400


Started GET "/assets/jquery.ui.dialog.js?body=1" for ::1 at 2018-04-26 03:23:21 -0400


Started GET "/assets/jquery.ui.droppable.js?body=1" for ::1 at 2018-04-26 03:23:21 -0400


Started GET "/assets/jquery.ui.effect.js?body=1" for ::1 at 2018-04-26 03:23:21 -0400


Started GET "/assets/jquery.ui.effect-blind.js?body=1" for ::1 at 2018-04-26 03:23:21 -0400


Started GET "/assets/jquery.ui.effect-bounce.js?body=1" for ::1 at 2018-04-26 03:23:21 -0400


Started GET "/assets/jquery.ui.effect-clip.js?body=1" for ::1 at 2018-04-26 03:23:21 -0400


Started GET "/assets/jquery.ui.effect-drop.js?body=1" for ::1 at 2018-04-26 03:23:21 -0400


Started GET "/assets/jquery.ui.effect-explode.js?body=1" for ::1 at 2018-04-26 03:23:21 -0400


Started GET "/assets/jquery.ui.effect-fade.js?body=1" for ::1 at 2018-04-26 03:23:21 -0400


Started GET "/assets/jquery.ui.effect-fold.js?body=1" for ::1 at 2018-04-26 03:23:21 -0400


Started GET "/assets/jquery.ui.effect-highlight.js?body=1" for ::1 at 2018-04-26 03:23:21 -0400


Started GET "/assets/jquery.ui.effect-pulsate.js?body=1" for ::1 at 2018-04-26 03:23:21 -0400


Started GET "/assets/jquery.ui.effect-scale.js?body=1" for ::1 at 2018-04-26 03:23:21 -0400


Started GET "/assets/jquery.ui.effect-shake.js?body=1" for ::1 at 2018-04-26 03:23:21 -0400


Started GET "/assets/jquery.ui.effect-slide.js?body=1" for ::1 at 2018-04-26 03:23:21 -0400


Started GET "/assets/jquery.ui.effect-transfer.js?body=1" for ::1 at 2018-04-26 03:23:21 -0400


Started GET "/assets/jquery.ui.progressbar.js?body=1" for ::1 at 2018-04-26 03:23:21 -0400


Started GET "/assets/jquery.ui.selectable.js?body=1" for ::1 at 2018-04-26 03:23:21 -0400


Started GET "/assets/jquery.ui.slider.js?body=1" for ::1 at 2018-04-26 03:23:21 -0400


Started GET "/assets/jquery.ui.sortable.js?body=1" for ::1 at 2018-04-26 03:23:21 -0400


Started GET "/assets/jquery.ui.spinner.js?body=1" for ::1 at 2018-04-26 03:23:21 -0400


Started GET "/assets/jquery.ui.tabs.js?body=1" for ::1 at 2018-04-26 03:23:21 -0400


Started GET "/assets/jquery.ui.tooltip.js?body=1" for ::1 at 2018-04-26 03:23:21 -0400


Started GET "/assets/jquery.ui.all.js?body=1" for ::1 at 2018-04-26 03:23:21 -0400


Started GET "/assets/turbolinks.js?body=1" for ::1 at 2018-04-26 03:23:21 -0400


Started GET "/assets/taggle-ie8.js?body=1" for ::1 at 2018-04-26 03:23:21 -0400


Started GET "/assets/taggle-ie9.js?body=1" for ::1 at 2018-04-26 03:23:21 -0400


Started GET "/assets/taggle.js?body=1" for ::1 at 2018-04-26 03:23:21 -0400


Started GET "/assets/taggle-full.js?body=1" for ::1 at 2018-04-26 03:23:21 -0400


Started GET "/assets/film.js?body=1" for ::1 at 2018-04-26 03:23:21 -0400


Started GET "/assets/styling.js?body=1" for ::1 at 2018-04-26 03:23:21 -0400


Started GET "/assets/back.png" for ::1 at 2018-04-26 03:23:21 -0400


Started GET "/films/new" for ::1 at 2018-04-26 03:23:22 -0400
Processing by FilmsController#new as HTML
  Rendered partials/_nav.html.erb (0.2ms)
  Rendered films/_admin_form.html.erb (7.0ms)
  Rendered films/new.html.erb within layouts/application (11.1ms)
Completed 200 OK in 27ms (Views: 26.1ms | ActiveRecord: 0.0ms)


Started GET "/assets/film.css?body=1" for ::1 at 2018-04-26 03:23:22 -0400


Started GET "/assets/jquery.ui.core.js?body=1" for ::1 at 2018-04-26 03:23:22 -0400


Started GET "/assets/jquery.ui.widget.js?body=1" for ::1 at 2018-04-26 03:23:22 -0400


Started GET "/assets/jquery.ui.accordion.js?body=1" for ::1 at 2018-04-26 03:23:22 -0400


Started GET "/assets/jquery.ui.position.js?body=1" for ::1 at 2018-04-26 03:23:22 -0400


Started GET "/assets/jquery.ui.menu.js?body=1" for ::1 at 2018-04-26 03:23:22 -0400


Started GET "/assets/jquery.ui.button.js?body=1" for ::1 at 2018-04-26 03:23:22 -0400


Started GET "/assets/jquery.ui.mouse.js?body=1" for ::1 at 2018-04-26 03:23:22 -0400


Started GET "/assets/jquery.ui.datepicker.js?body=1" for ::1 at 2018-04-26 03:23:22 -0400


Started GET "/assets/jquery.ui.autocomplete.js?body=1" for ::1 at 2018-04-26 03:23:22 -0400


Started GET "/assets/jquery.ui.draggable.js?body=1" for ::1 at 2018-04-26 03:23:22 -0400


Started GET "/assets/jquery.ui.resizable.js?body=1" for ::1 at 2018-04-26 03:23:22 -0400


Started GET "/assets/jquery.ui.dialog.js?body=1" for ::1 at 2018-04-26 03:23:22 -0400


Started GET "/assets/jquery.ui.droppable.js?body=1" for ::1 at 2018-04-26 03:23:22 -0400


Started GET "/assets/jquery.ui.effect.js?body=1" for ::1 at 2018-04-26 03:23:22 -0400


Started GET "/assets/jquery.ui.effect-blind.js?body=1" for ::1 at 2018-04-26 03:23:22 -0400


Started GET "/assets/jquery.ui.effect-bounce.js?body=1" for ::1 at 2018-04-26 03:23:22 -0400


Started GET "/assets/jquery.ui.effect-clip.js?body=1" for ::1 at 2018-04-26 03:23:22 -0400


Started GET "/assets/jquery.ui.effect-drop.js?body=1" for ::1 at 2018-04-26 03:23:22 -0400


Started GET "/assets/jquery.ui.effect-explode.js?body=1" for ::1 at 2018-04-26 03:23:22 -0400


Started GET "/assets/jquery.ui.effect-fade.js?body=1" for ::1 at 2018-04-26 03:23:22 -0400


Started GET "/assets/jquery.ui.effect-fold.js?body=1" for ::1 at 2018-04-26 03:23:22 -0400


Started GET "/assets/jquery.ui.effect-highlight.js?body=1" for ::1 at 2018-04-26 03:23:22 -0400


Started GET "/assets/jquery.ui.effect-pulsate.js?body=1" for ::1 at 2018-04-26 03:23:22 -0400


Started GET "/assets/jquery.ui.effect-scale.js?body=1" for ::1 at 2018-04-26 03:23:22 -0400


Started GET "/assets/jquery.ui.effect-shake.js?body=1" for ::1 at 2018-04-26 03:23:22 -0400


Started GET "/assets/jquery.ui.effect-slide.js?body=1" for ::1 at 2018-04-26 03:23:22 -0400


Started GET "/assets/jquery.ui.effect-transfer.js?body=1" for ::1 at 2018-04-26 03:23:22 -0400


Started GET "/assets/jquery.ui.progressbar.js?body=1" for ::1 at 2018-04-26 03:23:22 -0400


Started GET "/assets/jquery.ui.selectable.js?body=1" for ::1 at 2018-04-26 03:23:22 -0400


Started GET "/assets/jquery.ui.slider.js?body=1" for ::1 at 2018-04-26 03:23:22 -0400


Started GET "/assets/jquery.ui.sortable.js?body=1" for ::1 at 2018-04-26 03:23:22 -0400


Started GET "/assets/jquery.ui.spinner.js?body=1" for ::1 at 2018-04-26 03:23:22 -0400


Started GET "/assets/jquery.ui.tabs.js?body=1" for ::1 at 2018-04-26 03:23:22 -0400


Started GET "/assets/jquery.ui.tooltip.js?body=1" for ::1 at 2018-04-26 03:23:22 -0400


Started GET "/assets/jquery.ui.all.js?body=1" for ::1 at 2018-04-26 03:23:22 -0400


Started GET "/assets/turbolinks.js?body=1" for ::1 at 2018-04-26 03:23:22 -0400


Started GET "/assets/taggle-ie8.js?body=1" for ::1 at 2018-04-26 03:23:22 -0400


Started GET "/assets/taggle-ie9.js?body=1" for ::1 at 2018-04-26 03:23:22 -0400


Started GET "/assets/taggle.js?body=1" for ::1 at 2018-04-26 03:23:22 -0400


Started GET "/assets/taggle-full.js?body=1" for ::1 at 2018-04-26 03:23:23 -0400


Started GET "/assets/film.js?body=1" for ::1 at 2018-04-26 03:23:23 -0400


Started GET "/assets/styling.js?body=1" for ::1 at 2018-04-26 03:23:23 -0400


Started GET "/assets/back.png" for ::1 at 2018-04-26 03:23:23 -0400


Started GET "/assets/film.css?body=1" for ::1 at 2018-04-26 03:23:31 -0400


Started GET "/films/new" for ::1 at 2018-04-26 03:23:34 -0400
Processing by FilmsController#new as HTML
  Rendered partials/_nav.html.erb (0.2ms)
  Rendered films/_admin_form.html.erb (8.8ms)
  Rendered films/new.html.erb within layouts/application (13.0ms)
Completed 200 OK in 35ms (Views: 34.0ms | ActiveRecord: 0.0ms)


Started GET "/assets/film.css?body=1" for ::1 at 2018-04-26 03:23:34 -0400


Started GET "/assets/jquery.ui.core.js?body=1" for ::1 at 2018-04-26 03:23:34 -0400


Started GET "/assets/jquery.ui.widget.js?body=1" for ::1 at 2018-04-26 03:23:34 -0400


Started GET "/assets/jquery.ui.accordion.js?body=1" for ::1 at 2018-04-26 03:23:34 -0400


Started GET "/assets/jquery.ui.position.js?body=1" for ::1 at 2018-04-26 03:23:34 -0400


Started GET "/assets/jquery.ui.menu.js?body=1" for ::1 at 2018-04-26 03:23:34 -0400


Started GET "/assets/jquery.ui.button.js?body=1" for ::1 at 2018-04-26 03:23:34 -0400


Started GET "/assets/jquery.ui.datepicker.js?body=1" for ::1 at 2018-04-26 03:23:34 -0400


Started GET "/assets/jquery.ui.mouse.js?body=1" for ::1 at 2018-04-26 03:23:34 -0400


Started GET "/assets/jquery.ui.draggable.js?body=1" for ::1 at 2018-04-26 03:23:34 -0400


Started GET "/assets/jquery.ui.resizable.js?body=1" for ::1 at 2018-04-26 03:23:34 -0400


Started GET "/assets/jquery.ui.dialog.js?body=1" for ::1 at 2018-04-26 03:23:34 -0400


Started GET "/assets/jquery.ui.autocomplete.js?body=1" for ::1 at 2018-04-26 03:23:34 -0400


Started GET "/assets/jquery.ui.droppable.js?body=1" for ::1 at 2018-04-26 03:23:34 -0400


Started GET "/assets/jquery.ui.effect-blind.js?body=1" for ::1 at 2018-04-26 03:23:34 -0400


Started GET "/assets/jquery.ui.effect.js?body=1" for ::1 at 2018-04-26 03:23:34 -0400


Started GET "/assets/jquery.ui.effect-bounce.js?body=1" for ::1 at 2018-04-26 03:23:34 -0400


Started GET "/assets/jquery.ui.effect-clip.js?body=1" for ::1 at 2018-04-26 03:23:34 -0400


Started GET "/assets/jquery.ui.effect-drop.js?body=1" for ::1 at 2018-04-26 03:23:34 -0400


Started GET "/assets/jquery.ui.effect-explode.js?body=1" for ::1 at 2018-04-26 03:23:34 -0400


Started GET "/assets/jquery.ui.effect-fade.js?body=1" for ::1 at 2018-04-26 03:23:34 -0400


Started GET "/assets/jquery.ui.effect-fold.js?body=1" for ::1 at 2018-04-26 03:23:34 -0400


Started GET "/assets/jquery.ui.effect-highlight.js?body=1" for ::1 at 2018-04-26 03:23:34 -0400


Started GET "/assets/jquery.ui.effect-pulsate.js?body=1" for ::1 at 2018-04-26 03:23:34 -0400


Started GET "/assets/jquery.ui.effect-scale.js?body=1" for ::1 at 2018-04-26 03:23:34 -0400


Started GET "/assets/jquery.ui.effect-shake.js?body=1" for ::1 at 2018-04-26 03:23:34 -0400


Started GET "/assets/jquery.ui.effect-slide.js?body=1" for ::1 at 2018-04-26 03:23:34 -0400


Started GET "/assets/jquery.ui.effect-transfer.js?body=1" for ::1 at 2018-04-26 03:23:34 -0400


Started GET "/assets/jquery.ui.progressbar.js?body=1" for ::1 at 2018-04-26 03:23:34 -0400


Started GET "/assets/jquery.ui.selectable.js?body=1" for ::1 at 2018-04-26 03:23:34 -0400


Started GET "/assets/jquery.ui.slider.js?body=1" for ::1 at 2018-04-26 03:23:34 -0400


Started GET "/assets/jquery.ui.sortable.js?body=1" for ::1 at 2018-04-26 03:23:34 -0400


Started GET "/assets/jquery.ui.spinner.js?body=1" for ::1 at 2018-04-26 03:23:34 -0400


Started GET "/assets/jquery.ui.tooltip.js?body=1" for ::1 at 2018-04-26 03:23:34 -0400


Started GET "/assets/jquery.ui.tabs.js?body=1" for ::1 at 2018-04-26 03:23:34 -0400


Started GET "/assets/jquery.ui.all.js?body=1" for ::1 at 2018-04-26 03:23:34 -0400


Started GET "/assets/turbolinks.js?body=1" for ::1 at 2018-04-26 03:23:34 -0400


Started GET "/assets/taggle-ie8.js?body=1" for ::1 at 2018-04-26 03:23:34 -0400


Started GET "/assets/taggle-ie9.js?body=1" for ::1 at 2018-04-26 03:23:34 -0400


Started GET "/assets/taggle.js?body=1" for ::1 at 2018-04-26 03:23:34 -0400


Started GET "/assets/taggle-full.js?body=1" for ::1 at 2018-04-26 03:23:34 -0400


Started GET "/assets/film.js?body=1" for ::1 at 2018-04-26 03:23:34 -0400


Started GET "/assets/styling.js?body=1" for ::1 at 2018-04-26 03:23:34 -0400


Started GET "/assets/back.png" for ::1 at 2018-04-26 03:23:34 -0400


Started GET "/films/new" for ::1 at 2018-04-26 03:25:49 -0400
Processing by FilmsController#new as HTML
  Rendered partials/_nav.html.erb (0.3ms)
  Rendered films/_admin_form.html.erb (6.8ms)
  Rendered films/new.html.erb within layouts/application (12.3ms)
Completed 200 OK in 162ms (Views: 162.0ms | ActiveRecord: 0.0ms)


Started GET "/assets/film.css?body=1" for ::1 at 2018-04-26 03:25:50 -0400


Started GET "/assets/jquery.ui.core.js?body=1" for ::1 at 2018-04-26 03:25:50 -0400


Started GET "/assets/jquery.ui.position.js?body=1" for ::1 at 2018-04-26 03:25:50 -0400


Started GET "/assets/jquery.ui.autocomplete.js?body=1" for ::1 at 2018-04-26 03:25:50 -0400


Started GET "/assets/jquery.ui.menu.js?body=1" for ::1 at 2018-04-26 03:25:50 -0400


Started GET "/assets/jquery.ui.accordion.js?body=1" for ::1 at 2018-04-26 03:25:50 -0400


Started GET "/assets/jquery.ui.widget.js?body=1" for ::1 at 2018-04-26 03:25:50 -0400


Started GET "/assets/jquery.ui.button.js?body=1" for ::1 at 2018-04-26 03:25:50 -0400


Started GET "/assets/jquery.ui.datepicker.js?body=1" for ::1 at 2018-04-26 03:25:50 -0400


Started GET "/assets/jquery.ui.mouse.js?body=1" for ::1 at 2018-04-26 03:25:50 -0400


Started GET "/assets/jquery.ui.draggable.js?body=1" for ::1 at 2018-04-26 03:25:50 -0400


Started GET "/assets/jquery.ui.resizable.js?body=1" for ::1 at 2018-04-26 03:25:50 -0400


Started GET "/assets/jquery.ui.dialog.js?body=1" for ::1 at 2018-04-26 03:25:50 -0400


Started GET "/assets/jquery.ui.droppable.js?body=1" for ::1 at 2018-04-26 03:25:50 -0400


Started GET "/assets/jquery.ui.effect.js?body=1" for ::1 at 2018-04-26 03:25:50 -0400


Started GET "/assets/jquery.ui.effect-blind.js?body=1" for ::1 at 2018-04-26 03:25:50 -0400


Started GET "/assets/jquery.ui.effect-bounce.js?body=1" for ::1 at 2018-04-26 03:25:50 -0400


Started GET "/assets/jquery.ui.effect-clip.js?body=1" for ::1 at 2018-04-26 03:25:50 -0400


Started GET "/assets/jquery.ui.effect-drop.js?body=1" for ::1 at 2018-04-26 03:25:50 -0400


Started GET "/assets/jquery.ui.effect-explode.js?body=1" for ::1 at 2018-04-26 03:25:50 -0400


Started GET "/assets/jquery.ui.effect-fade.js?body=1" for ::1 at 2018-04-26 03:25:50 -0400


Started GET "/assets/jquery.ui.effect-fold.js?body=1" for ::1 at 2018-04-26 03:25:50 -0400


Started GET "/assets/jquery.ui.effect-highlight.js?body=1" for ::1 at 2018-04-26 03:25:50 -0400


Started GET "/assets/jquery.ui.effect-pulsate.js?body=1" for ::1 at 2018-04-26 03:25:50 -0400


Started GET "/assets/jquery.ui.effect-scale.js?body=1" for ::1 at 2018-04-26 03:25:50 -0400


Started GET "/assets/jquery.ui.effect-shake.js?body=1" for ::1 at 2018-04-26 03:25:50 -0400


Started GET "/assets/jquery.ui.effect-slide.js?body=1" for ::1 at 2018-04-26 03:25:50 -0400


Started GET "/assets/jquery.ui.effect-transfer.js?body=1" for ::1 at 2018-04-26 03:25:50 -0400


Started GET "/assets/jquery.ui.progressbar.js?body=1" for ::1 at 2018-04-26 03:25:50 -0400


Started GET "/assets/jquery.ui.selectable.js?body=1" for ::1 at 2018-04-26 03:25:50 -0400


Started GET "/assets/jquery.ui.slider.js?body=1" for ::1 at 2018-04-26 03:25:50 -0400


Started GET "/assets/jquery.ui.sortable.js?body=1" for ::1 at 2018-04-26 03:25:50 -0400


Started GET "/assets/jquery.ui.spinner.js?body=1" for ::1 at 2018-04-26 03:25:50 -0400


Started GET "/assets/jquery.ui.tabs.js?body=1" for ::1 at 2018-04-26 03:25:50 -0400


Started GET "/assets/jquery.ui.tooltip.js?body=1" for ::1 at 2018-04-26 03:25:50 -0400


Started GET "/assets/jquery.ui.all.js?body=1" for ::1 at 2018-04-26 03:25:50 -0400


Started GET "/assets/turbolinks.js?body=1" for ::1 at 2018-04-26 03:25:50 -0400


Started GET "/assets/taggle-ie8.js?body=1" for ::1 at 2018-04-26 03:25:50 -0400


Started GET "/assets/taggle-ie9.js?body=1" for ::1 at 2018-04-26 03:25:50 -0400


Started GET "/assets/taggle-full.js?body=1" for ::1 at 2018-04-26 03:25:50 -0400


Started GET "/assets/film.js?body=1" for ::1 at 2018-04-26 03:25:50 -0400


Started GET "/assets/taggle.js?body=1" for ::1 at 2018-04-26 03:25:50 -0400


Started GET "/assets/styling.js?body=1" for ::1 at 2018-04-26 03:25:50 -0400


Started GET "/assets/back.png" for ::1 at 2018-04-26 03:25:50 -0400


Started GET "/films/new" for ::1 at 2018-04-26 03:26:02 -0400
Processing by FilmsController#new as HTML
  Rendered partials/_nav.html.erb (0.2ms)
  Rendered films/_admin_form.html.erb (6.6ms)
  Rendered films/new.html.erb within layouts/application (10.7ms)
Completed 200 OK in 27ms (Views: 25.8ms | ActiveRecord: 0.0ms)


Started GET "/assets/film.css?body=1" for ::1 at 2018-04-26 03:26:02 -0400


Started GET "/assets/jquery.ui.widget.js?body=1" for ::1 at 2018-04-26 03:26:02 -0400


Started GET "/assets/jquery.ui.core.js?body=1" for ::1 at 2018-04-26 03:26:02 -0400


Started GET "/assets/jquery.ui.position.js?body=1" for ::1 at 2018-04-26 03:26:02 -0400


Started GET "/assets/jquery.ui.accordion.js?body=1" for ::1 at 2018-04-26 03:26:02 -0400


Started GET "/assets/jquery.ui.menu.js?body=1" for ::1 at 2018-04-26 03:26:02 -0400


Started GET "/assets/jquery.ui.autocomplete.js?body=1" for ::1 at 2018-04-26 03:26:02 -0400


Started GET "/assets/jquery.ui.button.js?body=1" for ::1 at 2018-04-26 03:26:02 -0400


Started GET "/assets/jquery.ui.mouse.js?body=1" for ::1 at 2018-04-26 03:26:02 -0400


Started GET "/assets/jquery.ui.datepicker.js?body=1" for ::1 at 2018-04-26 03:26:02 -0400


Started GET "/assets/jquery.ui.draggable.js?body=1" for ::1 at 2018-04-26 03:26:02 -0400


Started GET "/assets/jquery.ui.resizable.js?body=1" for ::1 at 2018-04-26 03:26:02 -0400


Started GET "/assets/jquery.ui.effect-blind.js?body=1" for ::1 at 2018-04-26 03:26:02 -0400


Started GET "/assets/jquery.ui.effect.js?body=1" for ::1 at 2018-04-26 03:26:02 -0400


Started GET "/assets/jquery.ui.droppable.js?body=1" for ::1 at 2018-04-26 03:26:02 -0400


Started GET "/assets/jquery.ui.dialog.js?body=1" for ::1 at 2018-04-26 03:26:02 -0400


Started GET "/assets/jquery.ui.effect-bounce.js?body=1" for ::1 at 2018-04-26 03:26:02 -0400


Started GET "/assets/jquery.ui.effect-clip.js?body=1" for ::1 at 2018-04-26 03:26:02 -0400


Started GET "/assets/jquery.ui.effect-drop.js?body=1" for ::1 at 2018-04-26 03:26:02 -0400


Started GET "/assets/jquery.ui.effect-explode.js?body=1" for ::1 at 2018-04-26 03:26:02 -0400


Started GET "/assets/jquery.ui.effect-fade.js?body=1" for ::1 at 2018-04-26 03:26:02 -0400


Started GET "/assets/jquery.ui.effect-fold.js?body=1" for ::1 at 2018-04-26 03:26:02 -0400


Started GET "/assets/jquery.ui.effect-highlight.js?body=1" for ::1 at 2018-04-26 03:26:02 -0400


Started GET "/assets/jquery.ui.effect-pulsate.js?body=1" for ::1 at 2018-04-26 03:26:02 -0400


Started GET "/assets/jquery.ui.effect-slide.js?body=1" for ::1 at 2018-04-26 03:26:02 -0400


Started GET "/assets/jquery.ui.effect-shake.js?body=1" for ::1 at 2018-04-26 03:26:02 -0400


Started GET "/assets/jquery.ui.effect-scale.js?body=1" for ::1 at 2018-04-26 03:26:02 -0400


Started GET "/assets/jquery.ui.effect-transfer.js?body=1" for ::1 at 2018-04-26 03:26:02 -0400


Started GET "/assets/jquery.ui.progressbar.js?body=1" for ::1 at 2018-04-26 03:26:02 -0400


Started GET "/assets/jquery.ui.selectable.js?body=1" for ::1 at 2018-04-26 03:26:02 -0400


Started GET "/assets/jquery.ui.slider.js?body=1" for ::1 at 2018-04-26 03:26:02 -0400


Started GET "/assets/jquery.ui.sortable.js?body=1" for ::1 at 2018-04-26 03:26:02 -0400


Started GET "/assets/jquery.ui.spinner.js?body=1" for ::1 at 2018-04-26 03:26:02 -0400


Started GET "/assets/jquery.ui.tabs.js?body=1" for ::1 at 2018-04-26 03:26:02 -0400


Started GET "/assets/jquery.ui.tooltip.js?body=1" for ::1 at 2018-04-26 03:26:02 -0400


Started GET "/assets/jquery.ui.all.js?body=1" for ::1 at 2018-04-26 03:26:02 -0400


Started GET "/assets/turbolinks.js?body=1" for ::1 at 2018-04-26 03:26:02 -0400


Started GET "/assets/taggle-ie8.js?body=1" for ::1 at 2018-04-26 03:26:02 -0400


Started GET "/assets/taggle-ie9.js?body=1" for ::1 at 2018-04-26 03:26:02 -0400


Started GET "/assets/taggle.js?body=1" for ::1 at 2018-04-26 03:26:02 -0400


Started GET "/assets/taggle-full.js?body=1" for ::1 at 2018-04-26 03:26:02 -0400


Started GET "/assets/film.js?body=1" for ::1 at 2018-04-26 03:26:02 -0400


Started GET "/assets/styling.js?body=1" for ::1 at 2018-04-26 03:26:02 -0400


Started GET "/assets/back.png" for ::1 at 2018-04-26 03:26:02 -0400


Started GET "/films/new" for ::1 at 2018-04-26 03:27:28 -0400
Processing by FilmsController#new as HTML
  Rendered partials/_nav.html.erb (0.3ms)
  Rendered films/_admin_form.html.erb (6.0ms)
  Rendered films/new.html.erb within layouts/application (10.8ms)
Completed 200 OK in 32ms (Views: 31.3ms | ActiveRecord: 0.0ms)


Started GET "/assets/jquery.ui.core.js?body=1" for ::1 at 2018-04-26 03:27:28 -0400


Started GET "/assets/jquery.ui.accordion.js?body=1" for ::1 at 2018-04-26 03:27:28 -0400


Started GET "/assets/film.css?body=1" for ::1 at 2018-04-26 03:27:28 -0400


Started GET "/assets/jquery.ui.widget.js?body=1" for ::1 at 2018-04-26 03:27:28 -0400


Started GET "/assets/jquery.ui.position.js?body=1" for ::1 at 2018-04-26 03:27:28 -0400


Started GET "/assets/jquery.ui.menu.js?body=1" for ::1 at 2018-04-26 03:27:28 -0400


Started GET "/assets/jquery.ui.autocomplete.js?body=1" for ::1 at 2018-04-26 03:27:28 -0400


Started GET "/assets/jquery.ui.button.js?body=1" for ::1 at 2018-04-26 03:27:28 -0400


Started GET "/assets/jquery.ui.mouse.js?body=1" for ::1 at 2018-04-26 03:27:28 -0400


Started GET "/assets/jquery.ui.draggable.js?body=1" for ::1 at 2018-04-26 03:27:28 -0400


Started GET "/assets/jquery.ui.resizable.js?body=1" for ::1 at 2018-04-26 03:27:28 -0400


Started GET "/assets/jquery.ui.datepicker.js?body=1" for ::1 at 2018-04-26 03:27:28 -0400


Started GET "/assets/jquery.ui.dialog.js?body=1" for ::1 at 2018-04-26 03:27:28 -0400


Started GET "/assets/jquery.ui.droppable.js?body=1" for ::1 at 2018-04-26 03:27:28 -0400


Started GET "/assets/jquery.ui.effect-blind.js?body=1" for ::1 at 2018-04-26 03:27:28 -0400


Started GET "/assets/jquery.ui.effect-bounce.js?body=1" for ::1 at 2018-04-26 03:27:28 -0400


Started GET "/assets/jquery.ui.effect.js?body=1" for ::1 at 2018-04-26 03:27:28 -0400


Started GET "/assets/jquery.ui.effect-drop.js?body=1" for ::1 at 2018-04-26 03:27:28 -0400


Started GET "/assets/jquery.ui.effect-clip.js?body=1" for ::1 at 2018-04-26 03:27:28 -0400


Started GET "/assets/jquery.ui.effect-explode.js?body=1" for ::1 at 2018-04-26 03:27:28 -0400


Started GET "/assets/jquery.ui.effect-fade.js?body=1" for ::1 at 2018-04-26 03:27:28 -0400


Started GET "/assets/jquery.ui.effect-fold.js?body=1" for ::1 at 2018-04-26 03:27:28 -0400


Started GET "/assets/jquery.ui.effect-highlight.js?body=1" for ::1 at 2018-04-26 03:27:28 -0400


Started GET "/assets/jquery.ui.effect-pulsate.js?body=1" for ::1 at 2018-04-26 03:27:28 -0400


Started GET "/assets/jquery.ui.effect-scale.js?body=1" for ::1 at 2018-04-26 03:27:28 -0400


Started GET "/assets/jquery.ui.effect-shake.js?body=1" for ::1 at 2018-04-26 03:27:28 -0400


Started GET "/assets/jquery.ui.effect-slide.js?body=1" for ::1 at 2018-04-26 03:27:28 -0400


Started GET "/assets/jquery.ui.effect-transfer.js?body=1" for ::1 at 2018-04-26 03:27:28 -0400


Started GET "/assets/jquery.ui.progressbar.js?body=1" for ::1 at 2018-04-26 03:27:28 -0400


Started GET "/assets/jquery.ui.selectable.js?body=1" for ::1 at 2018-04-26 03:27:28 -0400


Started GET "/assets/jquery.ui.slider.js?body=1" for ::1 at 2018-04-26 03:27:28 -0400


Started GET "/assets/jquery.ui.sortable.js?body=1" for ::1 at 2018-04-26 03:27:28 -0400


Started GET "/assets/jquery.ui.spinner.js?body=1" for ::1 at 2018-04-26 03:27:28 -0400


Started GET "/assets/jquery.ui.tabs.js?body=1" for ::1 at 2018-04-26 03:27:28 -0400


Started GET "/assets/jquery.ui.tooltip.js?body=1" for ::1 at 2018-04-26 03:27:28 -0400


Started GET "/assets/jquery.ui.all.js?body=1" for ::1 at 2018-04-26 03:27:28 -0400


Started GET "/assets/turbolinks.js?body=1" for ::1 at 2018-04-26 03:27:28 -0400


Started GET "/assets/taggle-ie8.js?body=1" for ::1 at 2018-04-26 03:27:28 -0400


Started GET "/assets/taggle-ie9.js?body=1" for ::1 at 2018-04-26 03:27:28 -0400


Started GET "/assets/taggle.js?body=1" for ::1 at 2018-04-26 03:27:28 -0400


Started GET "/assets/taggle-full.js?body=1" for ::1 at 2018-04-26 03:27:28 -0400


Started GET "/assets/film.js?body=1" for ::1 at 2018-04-26 03:27:28 -0400


Started GET "/assets/styling.js?body=1" for ::1 at 2018-04-26 03:27:28 -0400


Started GET "/assets/back.png" for ::1 at 2018-04-26 03:27:28 -0400


Started GET "/films/new" for ::1 at 2018-04-26 03:28:21 -0400
Processing by FilmsController#new as HTML
  Rendered partials/_nav.html.erb (0.2ms)
  Rendered films/_admin_form.html.erb (6.5ms)
  Rendered films/new.html.erb within layouts/application (10.7ms)
Completed 200 OK in 155ms (Views: 153.9ms | ActiveRecord: 0.0ms)


Started GET "/assets/film.css?body=1" for ::1 at 2018-04-26 03:28:21 -0400


Started GET "/assets/jquery.ui.accordion.js?body=1" for ::1 at 2018-04-26 03:28:21 -0400


Started GET "/assets/jquery.ui.position.js?body=1" for ::1 at 2018-04-26 03:28:21 -0400


Started GET "/assets/jquery.ui.core.js?body=1" for ::1 at 2018-04-26 03:28:21 -0400


Started GET "/assets/jquery.ui.widget.js?body=1" for ::1 at 2018-04-26 03:28:21 -0400


Started GET "/assets/jquery.ui.menu.js?body=1" for ::1 at 2018-04-26 03:28:21 -0400


Started GET "/assets/jquery.ui.button.js?body=1" for ::1 at 2018-04-26 03:28:21 -0400


Started GET "/assets/jquery.ui.draggable.js?body=1" for ::1 at 2018-04-26 03:28:21 -0400


Started GET "/assets/jquery.ui.mouse.js?body=1" for ::1 at 2018-04-26 03:28:21 -0400


Started GET "/assets/jquery.ui.datepicker.js?body=1" for ::1 at 2018-04-26 03:28:21 -0400


Started GET "/assets/jquery.ui.resizable.js?body=1" for ::1 at 2018-04-26 03:28:21 -0400


Started GET "/assets/jquery.ui.autocomplete.js?body=1" for ::1 at 2018-04-26 03:28:21 -0400


Started GET "/assets/jquery.ui.dialog.js?body=1" for ::1 at 2018-04-26 03:28:21 -0400


Started GET "/assets/jquery.ui.droppable.js?body=1" for ::1 at 2018-04-26 03:28:21 -0400


Started GET "/assets/jquery.ui.effect.js?body=1" for ::1 at 2018-04-26 03:28:21 -0400


Started GET "/assets/jquery.ui.effect-blind.js?body=1" for ::1 at 2018-04-26 03:28:21 -0400


Started GET "/assets/jquery.ui.effect-bounce.js?body=1" for ::1 at 2018-04-26 03:28:21 -0400


Started GET "/assets/jquery.ui.effect-clip.js?body=1" for ::1 at 2018-04-26 03:28:21 -0400


Started GET "/assets/jquery.ui.effect-drop.js?body=1" for ::1 at 2018-04-26 03:28:21 -0400


Started GET "/assets/jquery.ui.effect-explode.js?body=1" for ::1 at 2018-04-26 03:28:21 -0400


Started GET "/assets/jquery.ui.effect-fade.js?body=1" for ::1 at 2018-04-26 03:28:21 -0400


Started GET "/assets/jquery.ui.effect-fold.js?body=1" for ::1 at 2018-04-26 03:28:21 -0400


Started GET "/assets/jquery.ui.effect-highlight.js?body=1" for ::1 at 2018-04-26 03:28:21 -0400


Started GET "/assets/jquery.ui.effect-pulsate.js?body=1" for ::1 at 2018-04-26 03:28:21 -0400


Started GET "/assets/jquery.ui.effect-scale.js?body=1" for ::1 at 2018-04-26 03:28:21 -0400


Started GET "/assets/jquery.ui.effect-shake.js?body=1" for ::1 at 2018-04-26 03:28:21 -0400


Started GET "/assets/jquery.ui.effect-slide.js?body=1" for ::1 at 2018-04-26 03:28:21 -0400


Started GET "/assets/jquery.ui.effect-transfer.js?body=1" for ::1 at 2018-04-26 03:28:21 -0400


Started GET "/assets/jquery.ui.progressbar.js?body=1" for ::1 at 2018-04-26 03:28:21 -0400


Started GET "/assets/jquery.ui.selectable.js?body=1" for ::1 at 2018-04-26 03:28:21 -0400


Started GET "/assets/jquery.ui.slider.js?body=1" for ::1 at 2018-04-26 03:28:21 -0400


Started GET "/assets/jquery.ui.sortable.js?body=1" for ::1 at 2018-04-26 03:28:21 -0400


Started GET "/assets/jquery.ui.spinner.js?body=1" for ::1 at 2018-04-26 03:28:21 -0400


Started GET "/assets/jquery.ui.tabs.js?body=1" for ::1 at 2018-04-26 03:28:21 -0400


Started GET "/assets/jquery.ui.tooltip.js?body=1" for ::1 at 2018-04-26 03:28:21 -0400


Started GET "/assets/jquery.ui.all.js?body=1" for ::1 at 2018-04-26 03:28:21 -0400


Started GET "/assets/turbolinks.js?body=1" for ::1 at 2018-04-26 03:28:21 -0400


Started GET "/assets/taggle-ie8.js?body=1" for ::1 at 2018-04-26 03:28:21 -0400


Started GET "/assets/taggle-ie9.js?body=1" for ::1 at 2018-04-26 03:28:21 -0400


Started GET "/assets/taggle.js?body=1" for ::1 at 2018-04-26 03:28:21 -0400


Started GET "/assets/taggle-full.js?body=1" for ::1 at 2018-04-26 03:28:21 -0400


Started GET "/assets/film.js?body=1" for ::1 at 2018-04-26 03:28:21 -0400


Started GET "/assets/styling.js?body=1" for ::1 at 2018-04-26 03:28:21 -0400


Started GET "/assets/back.png" for ::1 at 2018-04-26 03:28:21 -0400


Started GET "/films/new" for ::1 at 2018-04-26 03:31:09 -0400
Processing by FilmsController#new as HTML
  Rendered partials/_nav.html.erb (0.3ms)
  Rendered films/_admin_form.html.erb (6.8ms)
  Rendered films/new.html.erb within layouts/application (12.0ms)
Completed 200 OK in 146ms (Views: 145.0ms | ActiveRecord: 0.0ms)


Started GET "/assets/film.css?body=1" for ::1 at 2018-04-26 03:31:09 -0400


Started GET "/assets/jquery.ui.core.js?body=1" for ::1 at 2018-04-26 03:31:09 -0400


Started GET "/assets/jquery.ui.widget.js?body=1" for ::1 at 2018-04-26 03:31:09 -0400


Started GET "/assets/jquery.ui.accordion.js?body=1" for ::1 at 2018-04-26 03:31:09 -0400


Started GET "/assets/jquery.ui.position.js?body=1" for ::1 at 2018-04-26 03:31:09 -0400


Started GET "/assets/jquery.ui.menu.js?body=1" for ::1 at 2018-04-26 03:31:09 -0400


Started GET "/assets/jquery.ui.autocomplete.js?body=1" for ::1 at 2018-04-26 03:31:09 -0400


Started GET "/assets/jquery.ui.button.js?body=1" for ::1 at 2018-04-26 03:31:09 -0400


Started GET "/assets/jquery.ui.datepicker.js?body=1" for ::1 at 2018-04-26 03:31:09 -0400


Started GET "/assets/jquery.ui.draggable.js?body=1" for ::1 at 2018-04-26 03:31:09 -0400


Started GET "/assets/jquery.ui.mouse.js?body=1" for ::1 at 2018-04-26 03:31:09 -0400


Started GET "/assets/jquery.ui.resizable.js?body=1" for ::1 at 2018-04-26 03:31:09 -0400


Started GET "/assets/jquery.ui.droppable.js?body=1" for ::1 at 2018-04-26 03:31:09 -0400


Started GET "/assets/jquery.ui.effect.js?body=1" for ::1 at 2018-04-26 03:31:09 -0400


Started GET "/assets/jquery.ui.dialog.js?body=1" for ::1 at 2018-04-26 03:31:09 -0400


Started GET "/assets/jquery.ui.effect-blind.js?body=1" for ::1 at 2018-04-26 03:31:09 -0400


Started GET "/assets/jquery.ui.effect-bounce.js?body=1" for ::1 at 2018-04-26 03:31:09 -0400


Started GET "/assets/jquery.ui.effect-clip.js?body=1" for ::1 at 2018-04-26 03:31:09 -0400


Started GET "/assets/jquery.ui.effect-drop.js?body=1" for ::1 at 2018-04-26 03:31:09 -0400


Started GET "/assets/jquery.ui.effect-explode.js?body=1" for ::1 at 2018-04-26 03:31:09 -0400


Started GET "/assets/jquery.ui.effect-fade.js?body=1" for ::1 at 2018-04-26 03:31:09 -0400


Started GET "/assets/jquery.ui.effect-fold.js?body=1" for ::1 at 2018-04-26 03:31:09 -0400


Started GET "/assets/jquery.ui.effect-highlight.js?body=1" for ::1 at 2018-04-26 03:31:09 -0400


Started GET "/assets/jquery.ui.effect-pulsate.js?body=1" for ::1 at 2018-04-26 03:31:09 -0400


Started GET "/assets/jquery.ui.effect-scale.js?body=1" for ::1 at 2018-04-26 03:31:09 -0400


Started GET "/assets/jquery.ui.effect-shake.js?body=1" for ::1 at 2018-04-26 03:31:09 -0400


Started GET "/assets/jquery.ui.effect-slide.js?body=1" for ::1 at 2018-04-26 03:31:10 -0400


Started GET "/assets/jquery.ui.effect-transfer.js?body=1" for ::1 at 2018-04-26 03:31:10 -0400


Started GET "/assets/jquery.ui.progressbar.js?body=1" for ::1 at 2018-04-26 03:31:10 -0400


Started GET "/assets/jquery.ui.selectable.js?body=1" for ::1 at 2018-04-26 03:31:10 -0400


Started GET "/assets/jquery.ui.slider.js?body=1" for ::1 at 2018-04-26 03:31:10 -0400


Started GET "/assets/jquery.ui.sortable.js?body=1" for ::1 at 2018-04-26 03:31:10 -0400


Started GET "/assets/jquery.ui.spinner.js?body=1" for ::1 at 2018-04-26 03:31:10 -0400


Started GET "/assets/jquery.ui.tabs.js?body=1" for ::1 at 2018-04-26 03:31:10 -0400


Started GET "/assets/jquery.ui.tooltip.js?body=1" for ::1 at 2018-04-26 03:31:10 -0400


Started GET "/assets/jquery.ui.all.js?body=1" for ::1 at 2018-04-26 03:31:10 -0400


Started GET "/assets/turbolinks.js?body=1" for ::1 at 2018-04-26 03:31:10 -0400


Started GET "/assets/taggle-ie8.js?body=1" for ::1 at 2018-04-26 03:31:10 -0400


Started GET "/assets/taggle-ie9.js?body=1" for ::1 at 2018-04-26 03:31:10 -0400


Started GET "/assets/taggle.js?body=1" for ::1 at 2018-04-26 03:31:10 -0400


Started GET "/assets/taggle-full.js?body=1" for ::1 at 2018-04-26 03:31:10 -0400


Started GET "/assets/film.js?body=1" for ::1 at 2018-04-26 03:31:10 -0400


Started GET "/assets/styling.js?body=1" for ::1 at 2018-04-26 03:31:10 -0400


Started GET "/assets/back.png" for ::1 at 2018-04-26 03:31:10 -0400


Started GET "/films/new" for ::1 at 2018-04-26 03:32:02 -0400
Processing by FilmsController#new as HTML
  Rendered partials/_nav.html.erb (0.6ms)
  Rendered films/_admin_form.html.erb (8.6ms)
  Rendered films/new.html.erb within layouts/application (17.1ms)
Completed 200 OK in 193ms (Views: 192.7ms | ActiveRecord: 0.0ms)


Started GET "/assets/application.css?body=1" for ::1 at 2018-04-26 03:32:02 -0400


Started GET "/assets/film.css?body=1" for ::1 at 2018-04-26 03:32:02 -0400


Started GET "/assets/jquery.ui.core.js?body=1" for ::1 at 2018-04-26 03:32:02 -0400


Started GET "/assets/jquery.ui.widget.js?body=1" for ::1 at 2018-04-26 03:32:02 -0400


Started GET "/assets/jquery.ui.accordion.js?body=1" for ::1 at 2018-04-26 03:32:02 -0400


Started GET "/assets/jquery.ui.position.js?body=1" for ::1 at 2018-04-26 03:32:02 -0400


Started GET "/assets/jquery.ui.autocomplete.js?body=1" for ::1 at 2018-04-26 03:32:02 -0400


Started GET "/assets/jquery.ui.menu.js?body=1" for ::1 at 2018-04-26 03:32:02 -0400


Started GET "/assets/jquery.ui.button.js?body=1" for ::1 at 2018-04-26 03:32:02 -0400


Started GET "/assets/jquery.ui.mouse.js?body=1" for ::1 at 2018-04-26 03:32:02 -0400


Started GET "/assets/jquery.ui.datepicker.js?body=1" for ::1 at 2018-04-26 03:32:02 -0400


Started GET "/assets/jquery.ui.draggable.js?body=1" for ::1 at 2018-04-26 03:32:02 -0400


Started GET "/assets/jquery.ui.resizable.js?body=1" for ::1 at 2018-04-26 03:32:02 -0400


Started GET "/assets/jquery.ui.droppable.js?body=1" for ::1 at 2018-04-26 03:32:02 -0400


Started GET "/assets/jquery.ui.effect.js?body=1" for ::1 at 2018-04-26 03:32:02 -0400


Started GET "/assets/jquery.ui.dialog.js?body=1" for ::1 at 2018-04-26 03:32:02 -0400


Started GET "/assets/jquery.ui.effect-blind.js?body=1" for ::1 at 2018-04-26 03:32:02 -0400


Started GET "/assets/jquery.ui.effect-bounce.js?body=1" for ::1 at 2018-04-26 03:32:02 -0400


Started GET "/assets/jquery.ui.effect-clip.js?body=1" for ::1 at 2018-04-26 03:32:02 -0400


Started GET "/assets/jquery.ui.effect-explode.js?body=1" for ::1 at 2018-04-26 03:32:02 -0400


Started GET "/assets/jquery.ui.effect-drop.js?body=1" for ::1 at 2018-04-26 03:32:02 -0400


Started GET "/assets/jquery.ui.effect-fade.js?body=1" for ::1 at 2018-04-26 03:32:02 -0400


Started GET "/assets/jquery.ui.effect-fold.js?body=1" for ::1 at 2018-04-26 03:32:02 -0400


Started GET "/assets/jquery.ui.effect-highlight.js?body=1" for ::1 at 2018-04-26 03:32:02 -0400


Started GET "/assets/jquery.ui.effect-pulsate.js?body=1" for ::1 at 2018-04-26 03:32:02 -0400


Started GET "/assets/jquery.ui.effect-scale.js?body=1" for ::1 at 2018-04-26 03:32:02 -0400


Started GET "/assets/jquery.ui.effect-shake.js?body=1" for ::1 at 2018-04-26 03:32:02 -0400


Started GET "/assets/jquery.ui.effect-slide.js?body=1" for ::1 at 2018-04-26 03:32:02 -0400


Started GET "/assets/jquery.ui.effect-transfer.js?body=1" for ::1 at 2018-04-26 03:32:02 -0400


Started GET "/assets/jquery.ui.progressbar.js?body=1" for ::1 at 2018-04-26 03:32:02 -0400


Started GET "/assets/jquery.ui.selectable.js?body=1" for ::1 at 2018-04-26 03:32:02 -0400


Started GET "/assets/jquery.ui.slider.js?body=1" for ::1 at 2018-04-26 03:32:02 -0400


Started GET "/assets/jquery.ui.sortable.js?body=1" for ::1 at 2018-04-26 03:32:02 -0400


Started GET "/assets/jquery.ui.tabs.js?body=1" for ::1 at 2018-04-26 03:32:02 -0400


Started GET "/assets/jquery.ui.spinner.js?body=1" for ::1 at 2018-04-26 03:32:02 -0400


Started GET "/assets/jquery.ui.tooltip.js?body=1" for ::1 at 2018-04-26 03:32:02 -0400


Started GET "/assets/jquery.ui.all.js?body=1" for ::1 at 2018-04-26 03:32:02 -0400


Started GET "/assets/taggle-ie8.js?body=1" for ::1 at 2018-04-26 03:32:02 -0400


Started GET "/assets/turbolinks.js?body=1" for ::1 at 2018-04-26 03:32:02 -0400


Started GET "/assets/taggle-ie9.js?body=1" for ::1 at 2018-04-26 03:32:02 -0400


Started GET "/assets/taggle.js?body=1" for ::1 at 2018-04-26 03:32:02 -0400


Started GET "/assets/taggle-full.js?body=1" for ::1 at 2018-04-26 03:32:02 -0400


Started GET "/assets/film.js?body=1" for ::1 at 2018-04-26 03:32:02 -0400


Started GET "/assets/styling.js?body=1" for ::1 at 2018-04-26 03:32:02 -0400


Started GET "/assets/application.js?body=1" for ::1 at 2018-04-26 03:32:02 -0400


Started GET "/assets/back.png" for ::1 at 2018-04-26 03:32:03 -0400


Started GET "/films" for ::1 at 2018-04-26 03:32:24 -0400
Processing by FilmsController#index as HTML
  Rendered partials/_nav.html.erb (0.5ms)
  [1m[36mFilm Load (0.4ms)[0m  [1mSELECT "films".* FROM "films" WHERE "films"."film_type" = $1[0m  [["film_type", 1]]
  Rendered partials/_describe.html.erb (0.9ms)
  Rendered films/index.html.erb within layouts/application (88.3ms)
Completed 200 OK in 113ms (Views: 111.6ms | ActiveRecord: 0.4ms)


Started GET "/assets/swing.jpg" for ::1 at 2018-04-26 03:32:24 -0400


Started GET "/assets/notorious.jpg" for ::1 at 2018-04-26 03:32:24 -0400


Started GET "/assets/exile.jpg" for ::1 at 2018-04-26 03:32:24 -0400


Started GET "/assets/download.png" for ::1 at 2018-04-26 03:32:24 -0400


Started GET "/assets/underworld.jpg" for ::1 at 2018-04-26 03:32:24 -0400


Started GET "/assets/ten-minutes.jpg" for ::1 at 2018-04-26 03:32:24 -0400


Started GET "/assets/youtube.png" for ::1 at 2018-04-26 03:32:24 -0400


Started GET "/films" for ::1 at 2018-04-26 03:32:26 -0400
Processing by FilmsController#index as HTML
  Rendered partials/_nav.html.erb (0.2ms)
  [1m[35mFilm Load (0.3ms)[0m  SELECT "films".* FROM "films" WHERE "films"."film_type" = $1  [["film_type", 1]]
  Rendered partials/_describe.html.erb (0.4ms)
  Rendered films/index.html.erb within layouts/application (9.6ms)
Completed 200 OK in 26ms (Views: 25.5ms | ActiveRecord: 0.3ms)


Started GET "/assets/application.css?body=1" for ::1 at 2018-04-26 03:32:26 -0400


Started GET "/assets/film.css?body=1" for ::1 at 2018-04-26 03:32:26 -0400


Started GET "/assets/jquery.ui.widget.js?body=1" for ::1 at 2018-04-26 03:32:26 -0400


Started GET "/assets/jquery.ui.accordion.js?body=1" for ::1 at 2018-04-26 03:32:26 -0400


Started GET "/assets/jquery.ui.core.js?body=1" for ::1 at 2018-04-26 03:32:26 -0400


Started GET "/assets/jquery.ui.position.js?body=1" for ::1 at 2018-04-26 03:32:26 -0400


Started GET "/assets/jquery.ui.menu.js?body=1" for ::1 at 2018-04-26 03:32:26 -0400


Started GET "/assets/jquery.ui.autocomplete.js?body=1" for ::1 at 2018-04-26 03:32:26 -0400


Started GET "/assets/jquery.ui.button.js?body=1" for ::1 at 2018-04-26 03:32:26 -0400


Started GET "/assets/jquery.ui.datepicker.js?body=1" for ::1 at 2018-04-26 03:32:26 -0400


Started GET "/assets/jquery.ui.mouse.js?body=1" for ::1 at 2018-04-26 03:32:26 -0400


Started GET "/assets/jquery.ui.draggable.js?body=1" for ::1 at 2018-04-26 03:32:26 -0400


Started GET "/assets/jquery.ui.resizable.js?body=1" for ::1 at 2018-04-26 03:32:26 -0400


Started GET "/assets/jquery.ui.dialog.js?body=1" for ::1 at 2018-04-26 03:32:26 -0400


Started GET "/assets/jquery.ui.droppable.js?body=1" for ::1 at 2018-04-26 03:32:26 -0400


Started GET "/assets/jquery.ui.effect.js?body=1" for ::1 at 2018-04-26 03:32:26 -0400


Started GET "/assets/jquery.ui.effect-blind.js?body=1" for ::1 at 2018-04-26 03:32:27 -0400


Started GET "/assets/jquery.ui.effect-bounce.js?body=1" for ::1 at 2018-04-26 03:32:27 -0400


Started GET "/assets/jquery.ui.effect-clip.js?body=1" for ::1 at 2018-04-26 03:32:27 -0400


Started GET "/assets/jquery.ui.effect-drop.js?body=1" for ::1 at 2018-04-26 03:32:27 -0400


Started GET "/assets/jquery.ui.effect-explode.js?body=1" for ::1 at 2018-04-26 03:32:27 -0400


Started GET "/assets/jquery.ui.effect-fade.js?body=1" for ::1 at 2018-04-26 03:32:27 -0400


Started GET "/assets/jquery.ui.effect-fold.js?body=1" for ::1 at 2018-04-26 03:32:27 -0400


Started GET "/assets/jquery.ui.effect-highlight.js?body=1" for ::1 at 2018-04-26 03:32:27 -0400


Started GET "/assets/jquery.ui.effect-pulsate.js?body=1" for ::1 at 2018-04-26 03:32:27 -0400


Started GET "/assets/jquery.ui.effect-scale.js?body=1" for ::1 at 2018-04-26 03:32:27 -0400


Started GET "/assets/jquery.ui.effect-shake.js?body=1" for ::1 at 2018-04-26 03:32:27 -0400


Started GET "/assets/jquery.ui.effect-slide.js?body=1" for ::1 at 2018-04-26 03:32:27 -0400


Started GET "/assets/jquery.ui.effect-transfer.js?body=1" for ::1 at 2018-04-26 03:32:27 -0400


Started GET "/assets/jquery.ui.progressbar.js?body=1" for ::1 at 2018-04-26 03:32:27 -0400


Started GET "/assets/jquery.ui.selectable.js?body=1" for ::1 at 2018-04-26 03:32:27 -0400


Started GET "/assets/jquery.ui.slider.js?body=1" for ::1 at 2018-04-26 03:32:27 -0400


Started GET "/assets/jquery.ui.sortable.js?body=1" for ::1 at 2018-04-26 03:32:27 -0400


Started GET "/assets/jquery.ui.spinner.js?body=1" for ::1 at 2018-04-26 03:32:27 -0400


Started GET "/assets/jquery.ui.tabs.js?body=1" for ::1 at 2018-04-26 03:32:27 -0400


Started GET "/assets/jquery.ui.tooltip.js?body=1" for ::1 at 2018-04-26 03:32:27 -0400


Started GET "/assets/jquery.ui.all.js?body=1" for ::1 at 2018-04-26 03:32:27 -0400


Started GET "/assets/turbolinks.js?body=1" for ::1 at 2018-04-26 03:32:27 -0400


Started GET "/assets/taggle-ie8.js?body=1" for ::1 at 2018-04-26 03:32:27 -0400


Started GET "/assets/taggle-ie9.js?body=1" for ::1 at 2018-04-26 03:32:27 -0400


Started GET "/assets/taggle.js?body=1" for ::1 at 2018-04-26 03:32:27 -0400


Started GET "/assets/taggle-full.js?body=1" for ::1 at 2018-04-26 03:32:27 -0400


Started GET "/assets/film.js?body=1" for ::1 at 2018-04-26 03:32:27 -0400


Started GET "/assets/styling.js?body=1" for ::1 at 2018-04-26 03:32:27 -0400


Started GET "/assets/application.js?body=1" for ::1 at 2018-04-26 03:32:27 -0400


Started GET "/assets/ten-minutes.jpg" for ::1 at 2018-04-26 03:32:27 -0400


Started GET "/assets/swing.jpg" for ::1 at 2018-04-26 03:32:27 -0400


Started GET "/assets/notorious.jpg" for ::1 at 2018-04-26 03:32:27 -0400


Started GET "/assets/exile.jpg" for ::1 at 2018-04-26 03:32:27 -0400


Started GET "/assets/underworld.jpg" for ::1 at 2018-04-26 03:32:27 -0400


Started GET "/assets/download.png" for ::1 at 2018-04-26 03:32:27 -0400


Started GET "/assets/youtube.png" for ::1 at 2018-04-26 03:32:27 -0400


Started GET "/films" for ::1 at 2018-04-26 03:37:13 -0400
Processing by FilmsController#index as HTML
  Rendered partials/_nav.html.erb (0.3ms)
  [1m[36mFilm Load (0.3ms)[0m  [1mSELECT "films".* FROM "films" WHERE "films"."film_type" = $1[0m  [["film_type", 1]]
  Rendered partials/_describe.html.erb (1.3ms)
  Rendered films/index.html.erb within layouts/application (25.0ms)
Completed 200 OK in 49ms (Views: 47.2ms | ActiveRecord: 0.3ms)


Started GET "/assets/film.css?body=1" for ::1 at 2018-04-26 03:37:13 -0400


Started GET "/assets/jquery.ui.core.js?body=1" for ::1 at 2018-04-26 03:37:13 -0400


Started GET "/assets/jquery.ui.widget.js?body=1" for ::1 at 2018-04-26 03:37:13 -0400


Started GET "/assets/jquery.ui.accordion.js?body=1" for ::1 at 2018-04-26 03:37:13 -0400


Started GET "/assets/application.css?body=1" for ::1 at 2018-04-26 03:37:13 -0400


Started GET "/assets/jquery.ui.position.js?body=1" for ::1 at 2018-04-26 03:37:13 -0400


Started GET "/assets/jquery.ui.menu.js?body=1" for ::1 at 2018-04-26 03:37:13 -0400


Started GET "/assets/jquery.ui.autocomplete.js?body=1" for ::1 at 2018-04-26 03:37:13 -0400


Started GET "/assets/jquery.ui.button.js?body=1" for ::1 at 2018-04-26 03:37:13 -0400


Started GET "/assets/jquery.ui.mouse.js?body=1" for ::1 at 2018-04-26 03:37:13 -0400


Started GET "/assets/jquery.ui.datepicker.js?body=1" for ::1 at 2018-04-26 03:37:13 -0400


Started GET "/assets/jquery.ui.draggable.js?body=1" for ::1 at 2018-04-26 03:37:13 -0400


Started GET "/assets/jquery.ui.resizable.js?body=1" for ::1 at 2018-04-26 03:37:13 -0400


Started GET "/assets/jquery.ui.dialog.js?body=1" for ::1 at 2018-04-26 03:37:13 -0400


Started GET "/assets/jquery.ui.droppable.js?body=1" for ::1 at 2018-04-26 03:37:13 -0400


Started GET "/assets/jquery.ui.effect.js?body=1" for ::1 at 2018-04-26 03:37:13 -0400


Started GET "/assets/jquery.ui.effect-bounce.js?body=1" for ::1 at 2018-04-26 03:37:13 -0400


Started GET "/assets/jquery.ui.effect-blind.js?body=1" for ::1 at 2018-04-26 03:37:13 -0400


Started GET "/assets/jquery.ui.effect-clip.js?body=1" for ::1 at 2018-04-26 03:37:13 -0400


Started GET "/assets/jquery.ui.effect-drop.js?body=1" for ::1 at 2018-04-26 03:37:13 -0400


Started GET "/assets/jquery.ui.effect-explode.js?body=1" for ::1 at 2018-04-26 03:37:13 -0400


Started GET "/assets/jquery.ui.effect-fade.js?body=1" for ::1 at 2018-04-26 03:37:13 -0400


Started GET "/assets/jquery.ui.effect-fold.js?body=1" for ::1 at 2018-04-26 03:37:13 -0400


Started GET "/assets/jquery.ui.effect-highlight.js?body=1" for ::1 at 2018-04-26 03:37:13 -0400


Started GET "/assets/jquery.ui.effect-pulsate.js?body=1" for ::1 at 2018-04-26 03:37:13 -0400


Started GET "/assets/jquery.ui.effect-scale.js?body=1" for ::1 at 2018-04-26 03:37:13 -0400


Started GET "/assets/jquery.ui.effect-shake.js?body=1" for ::1 at 2018-04-26 03:37:13 -0400


Started GET "/assets/jquery.ui.effect-slide.js?body=1" for ::1 at 2018-04-26 03:37:13 -0400


Started GET "/assets/jquery.ui.effect-transfer.js?body=1" for ::1 at 2018-04-26 03:37:13 -0400


Started GET "/assets/jquery.ui.progressbar.js?body=1" for ::1 at 2018-04-26 03:37:13 -0400


Started GET "/assets/jquery.ui.selectable.js?body=1" for ::1 at 2018-04-26 03:37:13 -0400


Started GET "/assets/jquery.ui.slider.js?body=1" for ::1 at 2018-04-26 03:37:13 -0400


Started GET "/assets/jquery.ui.sortable.js?body=1" for ::1 at 2018-04-26 03:37:13 -0400


Started GET "/assets/jquery.ui.spinner.js?body=1" for ::1 at 2018-04-26 03:37:13 -0400


Started GET "/assets/jquery.ui.tabs.js?body=1" for ::1 at 2018-04-26 03:37:13 -0400


Started GET "/assets/jquery.ui.tooltip.js?body=1" for ::1 at 2018-04-26 03:37:13 -0400


Started GET "/assets/jquery.ui.all.js?body=1" for ::1 at 2018-04-26 03:37:13 -0400


Started GET "/assets/turbolinks.js?body=1" for ::1 at 2018-04-26 03:37:13 -0400


Started GET "/assets/taggle-ie8.js?body=1" for ::1 at 2018-04-26 03:37:13 -0400


Started GET "/assets/taggle-ie9.js?body=1" for ::1 at 2018-04-26 03:37:13 -0400


Started GET "/assets/taggle.js?body=1" for ::1 at 2018-04-26 03:37:13 -0400


Started GET "/assets/taggle-full.js?body=1" for ::1 at 2018-04-26 03:37:13 -0400


Started GET "/assets/film.js?body=1" for ::1 at 2018-04-26 03:37:13 -0400


Started GET "/assets/styling.js?body=1" for ::1 at 2018-04-26 03:37:13 -0400


Started GET "/assets/application.js?body=1" for ::1 at 2018-04-26 03:37:13 -0400


Started GET "/assets/ten-minutes.jpg" for ::1 at 2018-04-26 03:37:13 -0400


Started GET "/assets/swing.jpg" for ::1 at 2018-04-26 03:37:13 -0400


Started GET "/assets/notorious.jpg" for ::1 at 2018-04-26 03:37:13 -0400


Started GET "/assets/exile.jpg" for ::1 at 2018-04-26 03:37:13 -0400


Started GET "/assets/youtube.png" for ::1 at 2018-04-26 03:37:13 -0400


Started GET "/assets/download.png" for ::1 at 2018-04-26 03:37:13 -0400


Started GET "/assets/underworld.jpg" for ::1 at 2018-04-26 03:37:13 -0400


Started GET "/films/4" for ::1 at 2018-04-26 03:37:19 -0400
Processing by FilmsController#show as HTML
  Parameters: {"id"=>"4"}
  [1m[35mFilm Load (10.1ms)[0m  SELECT  "films".* FROM "films" WHERE "films"."id" = $1 LIMIT 1  [["id", 4]]
  Rendered partials/_nav.html.erb (0.5ms)
  Rendered films/show.html.erb within layouts/application (15.1ms)
Completed 200 OK in 91ms (Views: 60.1ms | ActiveRecord: 10.1ms)


Started GET "/films/4/view" for ::1 at 2018-04-26 03:37:19 -0400
Processing by FilmsController#view as */*
  Parameters: {"id"=>"4"}
  [1m[36mFilm Load (0.4ms)[0m  [1mSELECT  "films".* FROM "films" WHERE "films"."id" = $1 LIMIT 1[0m  [["id", 4]]
Redirected to http://localhost:3000uploads/base_films/underworld.mp4
Completed 302 Found in 20ms (ActiveRecord: 0.4ms)


Started GET "/films/4/view" for ::1 at 2018-04-26 03:37:19 -0400
Processing by FilmsController#view as */*
  Parameters: {"id"=>"4"}
  [1m[35mFilm Load (0.3ms)[0m  SELECT  "films".* FROM "films" WHERE "films"."id" = $1 LIMIT 1  [["id", 4]]
Redirected to http://localhost:3000uploads/base_films/underworld.mp4
Completed 302 Found in 1ms (ActiveRecord: 0.3ms)


Started GET "/films/4/view" for ::1 at 2018-04-26 03:37:19 -0400
Processing by FilmsController#view as */*
  Parameters: {"id"=>"4"}
  [1m[36mFilm Load (0.2ms)[0m  [1mSELECT  "films".* FROM "films" WHERE "films"."id" = $1 LIMIT 1[0m  [["id", 4]]
Redirected to http://localhost:3000uploads/base_films/underworld.mp4
Completed 302 Found in 1ms (ActiveRecord: 0.2ms)


Started GET "/films/4/view" for ::1 at 2018-04-26 03:37:20 -0400
Processing by FilmsController#view as */*
  Parameters: {"id"=>"4"}
  [1m[35mFilm Load (0.3ms)[0m  SELECT  "films".* FROM "films" WHERE "films"."id" = $1 LIMIT 1  [["id", 4]]
Redirected to http://localhost:3000uploads/base_films/underworld.mp4
Completed 302 Found in 1ms (ActiveRecord: 0.3ms)


Started GET "/films/4/view" for ::1 at 2018-04-26 03:37:20 -0400
Processing by FilmsController#view as */*
  Parameters: {"id"=>"4"}
  [1m[36mFilm Load (0.2ms)[0m  [1mSELECT  "films".* FROM "films" WHERE "films"."id" = $1 LIMIT 1[0m  [["id", 4]]
Redirected to http://localhost:3000uploads/base_films/underworld.mp4
Completed 302 Found in 1ms (ActiveRecord: 0.2ms)


Started GET "/films/4/view" for ::1 at 2018-04-26 03:37:20 -0400
Processing by FilmsController#view as */*
  Parameters: {"id"=>"4"}
  [1m[35mFilm Load (0.1ms)[0m  SELECT  "films".* FROM "films" WHERE "films"."id" = $1 LIMIT 1  [["id", 4]]
Redirected to http://localhost:3000uploads/base_films/underworld.mp4
Completed 302 Found in 1ms (ActiveRecord: 0.1ms)


Started GET "/films/4/view" for ::1 at 2018-04-26 03:37:20 -0400
Processing by FilmsController#view as */*
  Parameters: {"id"=>"4"}
  [1m[36mFilm Load (0.1ms)[0m  [1mSELECT  "films".* FROM "films" WHERE "films"."id" = $1 LIMIT 1[0m  [["id", 4]]
Redirected to http://localhost:3000uploads/base_films/underworld.mp4
Completed 302 Found in 1ms (ActiveRecord: 0.1ms)


Started GET "/films" for ::1 at 2018-04-26 03:37:23 -0400
Processing by FilmsController#index as HTML
  Rendered partials/_nav.html.erb (0.4ms)
  [1m[35mFilm Load (1.3ms)[0m  SELECT "films".* FROM "films" WHERE "films"."film_type" = $1  [["film_type", 1]]
  Rendered partials/_describe.html.erb (0.9ms)
  Rendered films/index.html.erb within layouts/application (17.6ms)
Completed 200 OK in 181ms (Views: 177.9ms | ActiveRecord: 1.3ms)


Started GET "/films/4/view" for ::1 at 2018-04-26 03:37:23 -0400
Processing by FilmsController#view as */*
  Parameters: {"id"=>"4"}
  [1m[36mFilm Load (0.2ms)[0m  [1mSELECT  "films".* FROM "films" WHERE "films"."id" = $1 LIMIT 1[0m  [["id", 4]]
Redirected to http://localhost:3000uploads/base_films/underworld.mp4
Completed 302 Found in 1ms (ActiveRecord: 0.2ms)


Started GET "/films" for ::1 at 2018-04-26 03:37:29 -0400
Processing by FilmsController#index as HTML
  Rendered partials/_nav.html.erb (0.4ms)
  [1m[35mFilm Load (0.4ms)[0m  SELECT "films".* FROM "films" WHERE "films"."film_type" = $1  [["film_type", 1]]
  Rendered partials/_describe.html.erb (0.3ms)
  Rendered films/index.html.erb within layouts/application (10.6ms)
Completed 200 OK in 26ms (Views: 25.3ms | ActiveRecord: 0.4ms)


Started GET "/assets/application.css?body=1" for ::1 at 2018-04-26 03:37:29 -0400


Started GET "/assets/film.css?body=1" for ::1 at 2018-04-26 03:37:29 -0400


Started GET "/assets/jquery.ui.core.js?body=1" for ::1 at 2018-04-26 03:37:29 -0400


Started GET "/assets/jquery.ui.widget.js?body=1" for ::1 at 2018-04-26 03:37:29 -0400


Started GET "/assets/jquery.ui.accordion.js?body=1" for ::1 at 2018-04-26 03:37:29 -0400


Started GET "/assets/jquery.ui.position.js?body=1" for ::1 at 2018-04-26 03:37:29 -0400


Started GET "/assets/jquery.ui.autocomplete.js?body=1" for ::1 at 2018-04-26 03:37:29 -0400


Started GET "/assets/jquery.ui.button.js?body=1" for ::1 at 2018-04-26 03:37:29 -0400


Started GET "/assets/jquery.ui.draggable.js?body=1" for ::1 at 2018-04-26 03:37:29 -0400


Started GET "/assets/jquery.ui.mouse.js?body=1" for ::1 at 2018-04-26 03:37:29 -0400


Started GET "/assets/jquery.ui.datepicker.js?body=1" for ::1 at 2018-04-26 03:37:29 -0400


Started GET "/assets/jquery.ui.menu.js?body=1" for ::1 at 2018-04-26 03:37:29 -0400


Started GET "/assets/jquery.ui.resizable.js?body=1" for ::1 at 2018-04-26 03:37:29 -0400


Started GET "/assets/jquery.ui.dialog.js?body=1" for ::1 at 2018-04-26 03:37:29 -0400


Started GET "/assets/jquery.ui.droppable.js?body=1" for ::1 at 2018-04-26 03:37:29 -0400


Started GET "/assets/jquery.ui.effect.js?body=1" for ::1 at 2018-04-26 03:37:29 -0400


Started GET "/assets/jquery.ui.effect-blind.js?body=1" for ::1 at 2018-04-26 03:37:29 -0400


Started GET "/assets/jquery.ui.effect-bounce.js?body=1" for ::1 at 2018-04-26 03:37:29 -0400


Started GET "/assets/jquery.ui.effect-clip.js?body=1" for ::1 at 2018-04-26 03:37:29 -0400


Started GET "/assets/jquery.ui.effect-drop.js?body=1" for ::1 at 2018-04-26 03:37:29 -0400


Started GET "/assets/jquery.ui.effect-explode.js?body=1" for ::1 at 2018-04-26 03:37:29 -0400


Started GET "/assets/jquery.ui.effect-fade.js?body=1" for ::1 at 2018-04-26 03:37:29 -0400


Started GET "/assets/jquery.ui.effect-fold.js?body=1" for ::1 at 2018-04-26 03:37:29 -0400


Started GET "/assets/jquery.ui.effect-highlight.js?body=1" for ::1 at 2018-04-26 03:37:29 -0400


Started GET "/assets/jquery.ui.effect-pulsate.js?body=1" for ::1 at 2018-04-26 03:37:29 -0400


Started GET "/assets/jquery.ui.effect-scale.js?body=1" for ::1 at 2018-04-26 03:37:29 -0400


Started GET "/assets/jquery.ui.effect-shake.js?body=1" for ::1 at 2018-04-26 03:37:29 -0400


Started GET "/assets/jquery.ui.effect-slide.js?body=1" for ::1 at 2018-04-26 03:37:29 -0400


Started GET "/assets/jquery.ui.effect-transfer.js?body=1" for ::1 at 2018-04-26 03:37:29 -0400


Started GET "/assets/jquery.ui.progressbar.js?body=1" for ::1 at 2018-04-26 03:37:30 -0400


Started GET "/assets/jquery.ui.selectable.js?body=1" for ::1 at 2018-04-26 03:37:30 -0400


Started GET "/assets/jquery.ui.slider.js?body=1" for ::1 at 2018-04-26 03:37:30 -0400


Started GET "/assets/jquery.ui.sortable.js?body=1" for ::1 at 2018-04-26 03:37:30 -0400


Started GET "/assets/jquery.ui.spinner.js?body=1" for ::1 at 2018-04-26 03:37:30 -0400


Started GET "/assets/jquery.ui.tabs.js?body=1" for ::1 at 2018-04-26 03:37:30 -0400


Started GET "/assets/jquery.ui.tooltip.js?body=1" for ::1 at 2018-04-26 03:37:30 -0400


Started GET "/assets/jquery.ui.all.js?body=1" for ::1 at 2018-04-26 03:37:30 -0400


Started GET "/assets/turbolinks.js?body=1" for ::1 at 2018-04-26 03:37:30 -0400


Started GET "/assets/taggle-ie8.js?body=1" for ::1 at 2018-04-26 03:37:30 -0400


Started GET "/assets/taggle-ie9.js?body=1" for ::1 at 2018-04-26 03:37:30 -0400


Started GET "/assets/taggle.js?body=1" for ::1 at 2018-04-26 03:37:30 -0400


Started GET "/assets/taggle-full.js?body=1" for ::1 at 2018-04-26 03:37:30 -0400


Started GET "/assets/film.js?body=1" for ::1 at 2018-04-26 03:37:30 -0400


Started GET "/assets/styling.js?body=1" for ::1 at 2018-04-26 03:37:30 -0400


Started GET "/assets/application.js?body=1" for ::1 at 2018-04-26 03:37:30 -0400


Started GET "/assets/ten-minutes.jpg" for ::1 at 2018-04-26 03:37:30 -0400


Started GET "/assets/swing.jpg" for ::1 at 2018-04-26 03:37:30 -0400


Started GET "/assets/notorious.jpg" for ::1 at 2018-04-26 03:37:30 -0400


Started GET "/assets/underworld.jpg" for ::1 at 2018-04-26 03:37:30 -0400


Started GET "/assets/exile.jpg" for ::1 at 2018-04-26 03:37:30 -0400


Started GET "/assets/download.png" for ::1 at 2018-04-26 03:37:30 -0400


Started GET "/assets/youtube.png" for ::1 at 2018-04-26 03:37:30 -0400


Started GET "/films/1" for ::1 at 2018-04-26 03:37:32 -0400
Processing by FilmsController#show as HTML
  Parameters: {"id"=>"1"}
  [1m[36mFilm Load (0.4ms)[0m  [1mSELECT  "films".* FROM "films" WHERE "films"."id" = $1 LIMIT 1[0m  [["id", 1]]
  Rendered partials/_nav.html.erb (0.4ms)
  Rendered films/show.html.erb within layouts/application (3.5ms)
Completed 200 OK in 73ms (Views: 70.6ms | ActiveRecord: 0.4ms)


Started GET "/films/1/view" for ::1 at 2018-04-26 03:37:32 -0400
Processing by FilmsController#view as */*
  Parameters: {"id"=>"1"}
  [1m[35mFilm Load (0.2ms)[0m  SELECT  "films".* FROM "films" WHERE "films"."id" = $1 LIMIT 1  [["id", 1]]
Redirected to http://localhost:3000uploads/base_films/10_minutes_to_live.mp4
Completed 302 Found in 2ms (ActiveRecord: 0.2ms)


Started GET "/films/1/view" for ::1 at 2018-04-26 03:37:32 -0400
Processing by FilmsController#view as */*
  Parameters: {"id"=>"1"}
  [1m[36mFilm Load (0.1ms)[0m  [1mSELECT  "films".* FROM "films" WHERE "films"."id" = $1 LIMIT 1[0m  [["id", 1]]
Redirected to http://localhost:3000uploads/base_films/10_minutes_to_live.mp4
Completed 302 Found in 1ms (ActiveRecord: 0.1ms)


Started GET "/films/1/view" for ::1 at 2018-04-26 03:37:32 -0400
Processing by FilmsController#view as */*
  Parameters: {"id"=>"1"}
  [1m[35mFilm Load (0.1ms)[0m  SELECT  "films".* FROM "films" WHERE "films"."id" = $1 LIMIT 1  [["id", 1]]
Redirected to http://localhost:3000uploads/base_films/10_minutes_to_live.mp4
Completed 302 Found in 1ms (ActiveRecord: 0.1ms)


Started GET "/films/1/view" for ::1 at 2018-04-26 03:37:32 -0400
Processing by FilmsController#view as */*
  Parameters: {"id"=>"1"}
  [1m[36mFilm Load (0.1ms)[0m  [1mSELECT  "films".* FROM "films" WHERE "films"."id" = $1 LIMIT 1[0m  [["id", 1]]
Redirected to http://localhost:3000uploads/base_films/10_minutes_to_live.mp4
Completed 302 Found in 1ms (ActiveRecord: 0.1ms)


Started GET "/films/1/view" for ::1 at 2018-04-26 03:37:32 -0400
Processing by FilmsController#view as */*
  Parameters: {"id"=>"1"}
  [1m[35mFilm Load (0.3ms)[0m  SELECT  "films".* FROM "films" WHERE "films"."id" = $1 LIMIT 1  [["id", 1]]
Redirected to http://localhost:3000uploads/base_films/10_minutes_to_live.mp4
Completed 302 Found in 2ms (ActiveRecord: 0.3ms)


Started GET "/films/1/view" for ::1 at 2018-04-26 03:37:32 -0400
Processing by FilmsController#view as */*
  Parameters: {"id"=>"1"}
  [1m[36mFilm Load (0.1ms)[0m  [1mSELECT  "films".* FROM "films" WHERE "films"."id" = $1 LIMIT 1[0m  [["id", 1]]
Redirected to http://localhost:3000uploads/base_films/10_minutes_to_live.mp4
Completed 302 Found in 1ms (ActiveRecord: 0.1ms)


Started GET "/films/1/view" for ::1 at 2018-04-26 03:37:33 -0400
Processing by FilmsController#view as */*
  Parameters: {"id"=>"1"}
  [1m[35mFilm Load (1.3ms)[0m  SELECT  "films".* FROM "films" WHERE "films"."id" = $1 LIMIT 1  [["id", 1]]
Redirected to http://localhost:3000uploads/base_films/10_minutes_to_live.mp4
Completed 302 Found in 3ms (ActiveRecord: 1.3ms)


Started GET "/films/new" for ::1 at 2018-04-26 03:38:52 -0400
Processing by FilmsController#new as HTML
  Rendered partials/_nav.html.erb (0.2ms)
  Rendered films/_admin_form.html.erb (53.7ms)
  Rendered films/new.html.erb within layouts/application (61.5ms)
Completed 200 OK in 85ms (Views: 84.4ms | ActiveRecord: 0.0ms)


Started GET "/assets/back.png" for ::1 at 2018-04-26 03:38:53 -0400


Started GET "/films/1/view" for ::1 at 2018-04-26 03:38:53 -0400
Processing by FilmsController#view as */*
  Parameters: {"id"=>"1"}
  [1m[36mFilm Load (7.0ms)[0m  [1mSELECT  "films".* FROM "films" WHERE "films"."id" = $1 LIMIT 1[0m  [["id", 1]]
Redirected to http://localhost:3000uploads/base_films/10_minutes_to_live.mp4
Completed 302 Found in 66ms (ActiveRecord: 7.0ms)


Started GET "/films/1/view" for ::1 at 2018-04-26 03:38:53 -0400
Processing by FilmsController#view as */*
  Parameters: {"id"=>"1"}
  [1m[35mFilm Load (0.1ms)[0m  SELECT  "films".* FROM "films" WHERE "films"."id" = $1 LIMIT 1  [["id", 1]]
Redirected to http://localhost:3000uploads/base_films/10_minutes_to_live.mp4
Completed 302 Found in 1ms (ActiveRecord: 0.1ms)


Started GET "/films/1/view" for ::1 at 2018-04-26 03:38:53 -0400
Processing by FilmsController#view as */*
  Parameters: {"id"=>"1"}
  [1m[36mFilm Load (0.1ms)[0m  [1mSELECT  "films".* FROM "films" WHERE "films"."id" = $1 LIMIT 1[0m  [["id", 1]]
Redirected to http://localhost:3000uploads/base_films/10_minutes_to_live.mp4
Completed 302 Found in 1ms (ActiveRecord: 0.1ms)


Started GET "/films/new" for ::1 at 2018-04-26 03:38:57 -0400
Processing by FilmsController#new as HTML
  Rendered partials/_nav.html.erb (0.2ms)
  Rendered films/_admin_form.html.erb (8.8ms)
  Rendered films/new.html.erb within layouts/application (12.4ms)
Completed 200 OK in 29ms (Views: 28.2ms | ActiveRecord: 0.0ms)


Started GET "/assets/application.css?body=1" for ::1 at 2018-04-26 03:38:57 -0400


Started GET "/assets/jquery.ui.core.js?body=1" for ::1 at 2018-04-26 03:38:57 -0400


Started GET "/assets/jquery.ui.widget.js?body=1" for ::1 at 2018-04-26 03:38:57 -0400


Started GET "/assets/jquery.ui.accordion.js?body=1" for ::1 at 2018-04-26 03:38:57 -0400


Started GET "/assets/film.css?body=1" for ::1 at 2018-04-26 03:38:57 -0400


Started GET "/assets/jquery.ui.position.js?body=1" for ::1 at 2018-04-26 03:38:57 -0400


Started GET "/assets/jquery.ui.autocomplete.js?body=1" for ::1 at 2018-04-26 03:38:57 -0400


Started GET "/assets/jquery.ui.menu.js?body=1" for ::1 at 2018-04-26 03:38:57 -0400


Started GET "/assets/jquery.ui.button.js?body=1" for ::1 at 2018-04-26 03:38:57 -0400


Started GET "/assets/jquery.ui.datepicker.js?body=1" for ::1 at 2018-04-26 03:38:57 -0400


Started GET "/assets/jquery.ui.mouse.js?body=1" for ::1 at 2018-04-26 03:38:57 -0400


Started GET "/assets/jquery.ui.draggable.js?body=1" for ::1 at 2018-04-26 03:38:57 -0400


Started GET "/assets/jquery.ui.resizable.js?body=1" for ::1 at 2018-04-26 03:38:57 -0400


Started GET "/assets/jquery.ui.dialog.js?body=1" for ::1 at 2018-04-26 03:38:57 -0400


Started GET "/assets/jquery.ui.droppable.js?body=1" for ::1 at 2018-04-26 03:38:57 -0400


Started GET "/assets/jquery.ui.effect.js?body=1" for ::1 at 2018-04-26 03:38:57 -0400


Started GET "/assets/jquery.ui.effect-blind.js?body=1" for ::1 at 2018-04-26 03:38:57 -0400


Started GET "/assets/jquery.ui.effect-bounce.js?body=1" for ::1 at 2018-04-26 03:38:57 -0400


Started GET "/assets/jquery.ui.effect-clip.js?body=1" for ::1 at 2018-04-26 03:38:57 -0400


Started GET "/assets/jquery.ui.effect-drop.js?body=1" for ::1 at 2018-04-26 03:38:57 -0400


Started GET "/assets/jquery.ui.effect-explode.js?body=1" for ::1 at 2018-04-26 03:38:57 -0400


Started GET "/assets/jquery.ui.effect-fade.js?body=1" for ::1 at 2018-04-26 03:38:57 -0400


Started GET "/assets/jquery.ui.effect-fold.js?body=1" for ::1 at 2018-04-26 03:38:57 -0400


Started GET "/assets/jquery.ui.effect-highlight.js?body=1" for ::1 at 2018-04-26 03:38:57 -0400


Started GET "/assets/jquery.ui.effect-pulsate.js?body=1" for ::1 at 2018-04-26 03:38:57 -0400


Started GET "/assets/jquery.ui.effect-scale.js?body=1" for ::1 at 2018-04-26 03:38:57 -0400


Started GET "/assets/jquery.ui.effect-shake.js?body=1" for ::1 at 2018-04-26 03:38:57 -0400


Started GET "/assets/jquery.ui.effect-slide.js?body=1" for ::1 at 2018-04-26 03:38:57 -0400


Started GET "/assets/jquery.ui.effect-transfer.js?body=1" for ::1 at 2018-04-26 03:38:57 -0400


Started GET "/assets/jquery.ui.progressbar.js?body=1" for ::1 at 2018-04-26 03:38:57 -0400


Started GET "/assets/jquery.ui.selectable.js?body=1" for ::1 at 2018-04-26 03:38:57 -0400


Started GET "/assets/jquery.ui.slider.js?body=1" for ::1 at 2018-04-26 03:38:57 -0400


Started GET "/assets/jquery.ui.sortable.js?body=1" for ::1 at 2018-04-26 03:38:57 -0400


Started GET "/assets/jquery.ui.spinner.js?body=1" for ::1 at 2018-04-26 03:38:57 -0400


Started GET "/assets/jquery.ui.tabs.js?body=1" for ::1 at 2018-04-26 03:38:57 -0400


Started GET "/assets/jquery.ui.tooltip.js?body=1" for ::1 at 2018-04-26 03:38:57 -0400


Started GET "/assets/jquery.ui.all.js?body=1" for ::1 at 2018-04-26 03:38:57 -0400


Started GET "/assets/turbolinks.js?body=1" for ::1 at 2018-04-26 03:38:57 -0400


Started GET "/assets/taggle-ie8.js?body=1" for ::1 at 2018-04-26 03:38:57 -0400


Started GET "/assets/taggle-ie9.js?body=1" for ::1 at 2018-04-26 03:38:57 -0400


Started GET "/assets/taggle.js?body=1" for ::1 at 2018-04-26 03:38:57 -0400


Started GET "/assets/taggle-full.js?body=1" for ::1 at 2018-04-26 03:38:57 -0400


Started GET "/assets/film.js?body=1" for ::1 at 2018-04-26 03:38:57 -0400


Started GET "/assets/styling.js?body=1" for ::1 at 2018-04-26 03:38:57 -0400


Started GET "/assets/application.js?body=1" for ::1 at 2018-04-26 03:38:57 -0400


Started GET "/assets/back.png" for ::1 at 2018-04-26 03:38:57 -0400


Started GET "/films" for ::1 at 2018-04-26 03:39:16 -0400
Processing by FilmsController#index as HTML
  Rendered partials/_nav.html.erb (0.4ms)
  [1m[35mFilm Load (1.2ms)[0m  SELECT "films".* FROM "films" WHERE "films"."film_type" = $1  [["film_type", 1]]
  Rendered partials/_describe.html.erb (0.8ms)
  Rendered films/index.html.erb within layouts/application (83.8ms)
Completed 200 OK in 108ms (Views: 106.3ms | ActiveRecord: 1.2ms)


Started GET "/assets/download.png" for ::1 at 2018-04-26 03:39:16 -0400


Started GET "/assets/swing.jpg" for ::1 at 2018-04-26 03:39:16 -0400


Started GET "/assets/exile.jpg" for ::1 at 2018-04-26 03:39:16 -0400


Started GET "/assets/notorious.jpg" for ::1 at 2018-04-26 03:39:16 -0400


Started GET "/assets/ten-minutes.jpg" for ::1 at 2018-04-26 03:39:16 -0400


Started GET "/assets/underworld.jpg" for ::1 at 2018-04-26 03:39:16 -0400


Started GET "/assets/youtube.png" for ::1 at 2018-04-26 03:39:16 -0400


Started GET "/films" for ::1 at 2018-04-26 03:39:20 -0400
Processing by FilmsController#index as HTML
  Rendered partials/_nav.html.erb (0.3ms)
  [1m[36mFilm Load (0.2ms)[0m  [1mSELECT "films".* FROM "films" WHERE "films"."film_type" = $1[0m  [["film_type", 1]]
  Rendered partials/_describe.html.erb (0.3ms)
  Rendered films/index.html.erb within layouts/application (10.0ms)
Completed 200 OK in 27ms (Views: 26.2ms | ActiveRecord: 0.2ms)


Started GET "/assets/application.css?body=1" for ::1 at 2018-04-26 03:39:20 -0400


Started GET "/assets/jquery.ui.accordion.js?body=1" for ::1 at 2018-04-26 03:39:20 -0400


Started GET "/assets/jquery.ui.core.js?body=1" for ::1 at 2018-04-26 03:39:20 -0400


Started GET "/assets/jquery.ui.widget.js?body=1" for ::1 at 2018-04-26 03:39:20 -0400


Started GET "/assets/jquery.ui.position.js?body=1" for ::1 at 2018-04-26 03:39:20 -0400


Started GET "/assets/film.css?body=1" for ::1 at 2018-04-26 03:39:20 -0400


Started GET "/assets/jquery.ui.menu.js?body=1" for ::1 at 2018-04-26 03:39:20 -0400


Started GET "/assets/jquery.ui.autocomplete.js?body=1" for ::1 at 2018-04-26 03:39:20 -0400


Started GET "/assets/jquery.ui.button.js?body=1" for ::1 at 2018-04-26 03:39:20 -0400


Started GET "/assets/jquery.ui.datepicker.js?body=1" for ::1 at 2018-04-26 03:39:20 -0400


Started GET "/assets/jquery.ui.mouse.js?body=1" for ::1 at 2018-04-26 03:39:20 -0400


Started GET "/assets/jquery.ui.draggable.js?body=1" for ::1 at 2018-04-26 03:39:20 -0400


Started GET "/assets/jquery.ui.resizable.js?body=1" for ::1 at 2018-04-26 03:39:20 -0400


Started GET "/assets/jquery.ui.dialog.js?body=1" for ::1 at 2018-04-26 03:39:20 -0400


Started GET "/assets/jquery.ui.droppable.js?body=1" for ::1 at 2018-04-26 03:39:20 -0400


Started GET "/assets/jquery.ui.effect.js?body=1" for ::1 at 2018-04-26 03:39:20 -0400


Started GET "/assets/jquery.ui.effect-blind.js?body=1" for ::1 at 2018-04-26 03:39:20 -0400


Started GET "/assets/jquery.ui.effect-bounce.js?body=1" for ::1 at 2018-04-26 03:39:20 -0400


Started GET "/assets/jquery.ui.effect-clip.js?body=1" for ::1 at 2018-04-26 03:39:20 -0400


Started GET "/assets/jquery.ui.effect-drop.js?body=1" for ::1 at 2018-04-26 03:39:20 -0400


Started GET "/assets/jquery.ui.effect-explode.js?body=1" for ::1 at 2018-04-26 03:39:20 -0400


Started GET "/assets/jquery.ui.effect-fade.js?body=1" for ::1 at 2018-04-26 03:39:20 -0400


Started GET "/assets/jquery.ui.effect-fold.js?body=1" for ::1 at 2018-04-26 03:39:20 -0400


Started GET "/assets/jquery.ui.effect-highlight.js?body=1" for ::1 at 2018-04-26 03:39:20 -0400


Started GET "/assets/jquery.ui.effect-pulsate.js?body=1" for ::1 at 2018-04-26 03:39:20 -0400


Started GET "/assets/jquery.ui.effect-scale.js?body=1" for ::1 at 2018-04-26 03:39:20 -0400


Started GET "/assets/jquery.ui.effect-shake.js?body=1" for ::1 at 2018-04-26 03:39:20 -0400


Started GET "/assets/jquery.ui.effect-slide.js?body=1" for ::1 at 2018-04-26 03:39:20 -0400


Started GET "/assets/jquery.ui.effect-transfer.js?body=1" for ::1 at 2018-04-26 03:39:20 -0400


Started GET "/assets/jquery.ui.progressbar.js?body=1" for ::1 at 2018-04-26 03:39:20 -0400


Started GET "/assets/jquery.ui.selectable.js?body=1" for ::1 at 2018-04-26 03:39:20 -0400


Started GET "/assets/jquery.ui.slider.js?body=1" for ::1 at 2018-04-26 03:39:20 -0400


Started GET "/assets/jquery.ui.sortable.js?body=1" for ::1 at 2018-04-26 03:39:20 -0400


Started GET "/assets/jquery.ui.spinner.js?body=1" for ::1 at 2018-04-26 03:39:20 -0400


Started GET "/assets/jquery.ui.tabs.js?body=1" for ::1 at 2018-04-26 03:39:20 -0400


Started GET "/assets/jquery.ui.tooltip.js?body=1" for ::1 at 2018-04-26 03:39:20 -0400


Started GET "/assets/jquery.ui.all.js?body=1" for ::1 at 2018-04-26 03:39:20 -0400


Started GET "/assets/turbolinks.js?body=1" for ::1 at 2018-04-26 03:39:20 -0400


Started GET "/assets/taggle-ie8.js?body=1" for ::1 at 2018-04-26 03:39:20 -0400


Started GET "/assets/taggle-ie9.js?body=1" for ::1 at 2018-04-26 03:39:20 -0400


Started GET "/assets/taggle.js?body=1" for ::1 at 2018-04-26 03:39:20 -0400


Started GET "/assets/taggle-full.js?body=1" for ::1 at 2018-04-26 03:39:20 -0400


Started GET "/assets/film.js?body=1" for ::1 at 2018-04-26 03:39:20 -0400


Started GET "/assets/styling.js?body=1" for ::1 at 2018-04-26 03:39:20 -0400


Started GET "/assets/application.js?body=1" for ::1 at 2018-04-26 03:39:20 -0400


Started GET "/assets/ten-minutes.jpg" for ::1 at 2018-04-26 03:39:20 -0400


Started GET "/assets/swing.jpg" for ::1 at 2018-04-26 03:39:20 -0400


Started GET "/assets/notorious.jpg" for ::1 at 2018-04-26 03:39:20 -0400


Started GET "/assets/download.png" for ::1 at 2018-04-26 03:39:20 -0400


Started GET "/assets/underworld.jpg" for ::1 at 2018-04-26 03:39:20 -0400


Started GET "/assets/exile.jpg" for ::1 at 2018-04-26 03:39:20 -0400


Started GET "/assets/youtube.png" for ::1 at 2018-04-26 03:39:20 -0400
