[ N 2018-04-30 11:14:41.4135 6233/T1 age/Wat/WatchdogMain.cpp:1258 ]: Starting Passenger watchdog...
[ N 2018-04-30 11:14:41.4286 6236/T1 age/Cor/CoreMain.cpp:1249 ]: Starting Passenger core...
[ N 2018-04-30 11:14:41.4288 6236/T1 age/Cor/CoreMain.cpp:252 ]: Passenger core running in multi-application mode.
[ N 2018-04-30 11:14:41.4353 6236/T1 age/Cor/CoreMain.cpp:984 ]: Passenger core online, PID 6236
App 6272 stdout: 
[ N 2018-04-30 11:14:43.9697 6236/T5 age/Cor/SecurityUpdateChecker.h:517 ]: Security update check: no update found (next check in 24 hours)
App 6287 stdout: 
[ N 2018-04-30 11:22:49.9071 7195/T1 age/Wat/WatchdogMain.cpp:1258 ]: Starting Passenger watchdog...
[ N 2018-04-30 11:22:49.9216 7198/T1 age/Cor/CoreMain.cpp:1249 ]: Starting Passenger core...
[ N 2018-04-30 11:22:49.9217 7198/T1 age/Cor/CoreMain.cpp:252 ]: Passenger core running in multi-application mode.
[ N 2018-04-30 11:22:49.9282 7198/T1 age/Cor/CoreMain.cpp:984 ]: Passenger core online, PID 7198
App 7234 stdout: 
[ N 2018-04-30 11:22:52.4015 7198/T4 age/Cor/SecurityUpdateChecker.h:517 ]: Security update check: no update found (next check in 24 hours)
App 7249 stdout: 

[ N 2018-04-30 11:23:20.7319 7198/T8 age/Cor/CoreMain.cpp:616 ]: Signal received. Gracefully shutting down... (send signal 2 more time(s) to force shutdown)
[ N 2018-04-30 11:23:20.7319 7198/T1 age/Cor/CoreMain.cpp:1161 ]: Received command to shutdown gracefully. Waiting until all clients have disconnected...
[ N 2018-04-30 11:23:20.7320 7198/T1 age/Cor/CoreMain.cpp:1075 ]: Checking whether to disconnect long-running connections for process 7249, application /home/oms_admin/university-libraries (development)
[ N 2018-04-30 11:23:20.7320 7198/Ta Ser/Server.h:903 ]: [ServerThr.2] Freed 0 spare client objects
[ N 2018-04-30 11:23:20.7321 7198/Ta Ser/Server.h:559 ]: [ServerThr.2] Shutdown finished
[ N 2018-04-30 11:23:20.7321 7198/T8 Ser/Server.h:903 ]: [ServerThr.1] Freed 0 spare client objects
[ N 2018-04-30 11:23:20.7321 7198/T8 Ser/Server.h:559 ]: [ServerThr.1] Shutdown finished
[ N 2018-04-30 11:23:20.7322 7198/Tc Ser/Server.h:903 ]: [ApiServer] Freed 0 spare client objects
[ N 2018-04-30 11:23:20.7322 7198/Tc Ser/Server.h:559 ]: [ApiServer] Shutdown finished
[ N 2018-04-30 11:23:20.7322 7198/T1 age/Cor/CoreMain.cpp:1075 ]: Checking whether to disconnect long-running connections for process 7249, application /home/oms_admin/university-libraries (development)
[ N 2018-04-30 11:23:20.9670 7198/T1 age/Cor/CoreMain.cpp:1234 ]: Passenger core shutdown finished
[ N 2018-05-03 13:50:15.1818 123538/T1 age/Wat/WatchdogMain.cpp:1258 ]: Starting Passenger watchdog...
[ N 2018-05-03 13:50:15.1985 123541/T1 age/Cor/CoreMain.cpp:1249 ]: Starting Passenger core...
[ N 2018-05-03 13:50:15.1986 123541/T1 age/Cor/CoreMain.cpp:252 ]: Passenger core running in multi-application mode.
[ N 2018-05-03 13:50:15.2050 123541/T1 age/Cor/CoreMain.cpp:984 ]: Passenger core online, PID 123541
App 123577 stdout: 
[ N 2018-05-03 13:50:17.7122 123541/T4 age/Cor/SecurityUpdateChecker.h:517 ]: Security update check: no update found (next check in 24 hours)
App 123593 stdout: 

[ N 2018-05-03 13:50:31.3726 123541/T8 age/Cor/CoreMain.cpp:616 ]: Signal received. Gracefully shutting down... (send signal 2 more time(s) to force shutdown)
[ N 2018-05-03 13:50:31.3727 123541/T1 age/Cor/CoreMain.cpp:1161 ]: Received command to shutdown gracefully. Waiting until all clients have disconnected...
[ N 2018-05-03 13:50:31.3727 123541/T1 age/Cor/CoreMain.cpp:1075 ]: Checking whether to disconnect long-running connections for process 123593, application /home/oms_admin/university-libraries (development)
[ N 2018-05-03 13:50:31.3727 123541/Ta Ser/Server.h:903 ]: [ServerThr.2] Freed 0 spare client objects
[ N 2018-05-03 13:50:31.3728 123541/Ta Ser/Server.h:559 ]: [ServerThr.2] Shutdown finished
[ N 2018-05-03 13:50:31.3728 123541/T8 Ser/Server.h:903 ]: [ServerThr.1] Freed 0 spare client objects
[ N 2018-05-03 13:50:31.3728 123541/T8 Ser/Server.h:559 ]: [ServerThr.1] Shutdown finished
[ N 2018-05-03 13:50:31.3729 123541/Tc Ser/Server.h:903 ]: [ApiServer] Freed 0 spare client objects
[ N 2018-05-03 13:50:31.3729 123541/Tc Ser/Server.h:559 ]: [ApiServer] Shutdown finished
[ N 2018-05-03 13:50:31.3729 123541/T1 age/Cor/CoreMain.cpp:1075 ]: Checking whether to disconnect long-running connections for process 123593, application /home/oms_admin/university-libraries (development)
[ N 2018-05-03 13:50:31.6248 123541/T1 age/Cor/CoreMain.cpp:1234 ]: Passenger core shutdown finished
[ N 2018-05-03 14:09:53.5321 124925/T1 age/Wat/WatchdogMain.cpp:1258 ]: Starting Passenger watchdog...
[ N 2018-05-03 14:09:53.5471 124928/T1 age/Cor/CoreMain.cpp:1249 ]: Starting Passenger core...
[ N 2018-05-03 14:09:53.5472 124928/T1 age/Cor/CoreMain.cpp:252 ]: Passenger core running in multi-application mode.
[ N 2018-05-03 14:09:53.5536 124928/T1 age/Cor/CoreMain.cpp:984 ]: Passenger core online, PID 124928
App 124966 stdout: 
[ N 2018-05-03 14:09:56.0671 124928/T5 age/Cor/SecurityUpdateChecker.h:517 ]: Security update check: no update found (next check in 24 hours)
App 124981 stdout: 
[ N 2018-05-04 13:09:56.6178 124928/T5 age/Cor/SecurityUpdateChecker.h:517 ]: Security update check: no update found (next check in 24 hours)
[ N 2018-05-05 10:09:57.1439 124928/T5 age/Cor/SecurityUpdateChecker.h:517 ]: Security update check: no update found (next check in 24 hours)
